

Started GET "/" for 127.0.0.1 at 2017-01-14 12:54:48 +1300
Processing by Rails::WelcomeController#index as HTML
  Rendered /Users/admin/.rbenv/versions/2.1.2/lib/ruby/gems/2.1.0/gems/railties-4.1.8/lib/rails/templates/rails/welcome/index.html.erb (1.6ms)
Completed 200 OK in 15ms (Views: 7.1ms | ActiveRecord: 0.0ms)
Started GET "/" for 127.0.0.1 at 2017-01-14 13:00:42 +1300
Processing by Rails::WelcomeController#index as HTML
  Parameters: {"internal"=>true}
  Rendering /Users/admin/.rbenv/versions/2.2.3/lib/ruby/gems/2.2.0/gems/railties-5.0.0/lib/rails/templates/rails/welcome/index.html.erb
  Rendered /Users/admin/.rbenv/versions/2.2.3/lib/ruby/gems/2.2.0/gems/railties-5.0.0/lib/rails/templates/rails/welcome/index.html.erb (3.5ms)
Completed 200 OK in 19ms (Views: 8.5ms | ActiveRecord: 0.0ms)


Started GET "/" for 127.0.0.1 at 2017-01-14 13:19:17 +1300
  
ActionController::RoutingError (uninitialized constant WelcomeController):
  
activesupport (5.0.0) lib/active_support/inflector/methods.rb:268:in `const_get'
activesupport (5.0.0) lib/active_support/inflector/methods.rb:268:in `block in constantize'
activesupport (5.0.0) lib/active_support/inflector/methods.rb:266:in `each'
activesupport (5.0.0) lib/active_support/inflector/methods.rb:266:in `inject'
activesupport (5.0.0) lib/active_support/inflector/methods.rb:266:in `constantize'
actionpack (5.0.0) lib/action_dispatch/http/request.rb:93:in `controller_class'
actionpack (5.0.0) lib/action_dispatch/routing/route_set.rb:44:in `controller'
actionpack (5.0.0) lib/action_dispatch/routing/route_set.rb:30:in `serve'
actionpack (5.0.0) lib/action_dispatch/journey/router.rb:39:in `block in serve'
actionpack (5.0.0) lib/action_dispatch/journey/router.rb:26:in `each'
actionpack (5.0.0) lib/action_dispatch/journey/router.rb:26:in `serve'
actionpack (5.0.0) lib/action_dispatch/routing/route_set.rb:725:in `call'
rack (2.0.1) lib/rack/etag.rb:25:in `call'
rack (2.0.1) lib/rack/conditional_get.rb:25:in `call'
rack (2.0.1) lib/rack/head.rb:12:in `call'
rack (2.0.1) lib/rack/session/abstract/id.rb:222:in `context'
rack (2.0.1) lib/rack/session/abstract/id.rb:216:in `call'
actionpack (5.0.0) lib/action_dispatch/middleware/cookies.rb:613:in `call'
activerecord (5.0.0) lib/active_record/migration.rb:552:in `call'
actionpack (5.0.0) lib/action_dispatch/middleware/callbacks.rb:38:in `block in call'
activesupport (5.0.0) lib/active_support/callbacks.rb:97:in `__run_callbacks__'
activesupport (5.0.0) lib/active_support/callbacks.rb:750:in `_run_call_callbacks'
activesupport (5.0.0) lib/active_support/callbacks.rb:90:in `run_callbacks'
actionpack (5.0.0) lib/action_dispatch/middleware/callbacks.rb:36:in `call'
actionpack (5.0.0) lib/action_dispatch/middleware/executor.rb:12:in `call'
actionpack (5.0.0) lib/action_dispatch/middleware/remote_ip.rb:79:in `call'
actionpack (5.0.0) lib/action_dispatch/middleware/debug_exceptions.rb:49:in `call'
actionpack (5.0.0) lib/action_dispatch/middleware/show_exceptions.rb:31:in `call'
railties (5.0.0) lib/rails/rack/logger.rb:36:in `call_app'
railties (5.0.0) lib/rails/rack/logger.rb:24:in `block in call'
activesupport (5.0.0) lib/active_support/tagged_logging.rb:70:in `block in tagged'
activesupport (5.0.0) lib/active_support/tagged_logging.rb:26:in `tagged'
activesupport (5.0.0) lib/active_support/tagged_logging.rb:70:in `tagged'
railties (5.0.0) lib/rails/rack/logger.rb:24:in `call'
actionpack (5.0.0) lib/action_dispatch/middleware/request_id.rb:24:in `call'
rack (2.0.1) lib/rack/method_override.rb:22:in `call'
rack (2.0.1) lib/rack/runtime.rb:22:in `call'
activesupport (5.0.0) lib/active_support/cache/strategy/local_cache_middleware.rb:28:in `call'
actionpack (5.0.0) lib/action_dispatch/middleware/executor.rb:12:in `call'
actionpack (5.0.0) lib/action_dispatch/middleware/static.rb:136:in `call'
rack (2.0.1) lib/rack/sendfile.rb:111:in `call'
railties (5.0.0) lib/rails/engine.rb:522:in `call'
rack (2.0.1) lib/rack/handler/webrick.rb:86:in `service'
/Users/admin/.rbenv/versions/2.2.3/lib/ruby/2.2.0/webrick/httpserver.rb:138:in `service'
/Users/admin/.rbenv/versions/2.2.3/lib/ruby/2.2.0/webrick/httpserver.rb:94:in `run'
/Users/admin/.rbenv/versions/2.2.3/lib/ruby/2.2.0/webrick/server.rb:294:in `block in start_thread'
  Rendering /Users/admin/.rbenv/versions/2.2.3/lib/ruby/gems/2.2.0/gems/actionpack-5.0.0/lib/action_dispatch/middleware/templates/rescues/routing_error.html.erb within rescues/layout
  Rendering /Users/admin/.rbenv/versions/2.2.3/lib/ruby/gems/2.2.0/gems/actionpack-5.0.0/lib/action_dispatch/middleware/templates/rescues/_trace.html.erb
  Rendered /Users/admin/.rbenv/versions/2.2.3/lib/ruby/gems/2.2.0/gems/actionpack-5.0.0/lib/action_dispatch/middleware/templates/rescues/_trace.html.erb (1.6ms)
  Rendered collection of /Users/admin/.rbenv/versions/2.2.3/lib/ruby/gems/2.2.0/gems/actionpack-5.0.0/lib/action_dispatch/middleware/templates/routes/_route.html.erb [9 times] (2.9ms)
  Rendered /Users/admin/.rbenv/versions/2.2.3/lib/ruby/gems/2.2.0/gems/actionpack-5.0.0/lib/action_dispatch/middleware/templates/routes/_table.html.erb (8.8ms)
  Rendering /Users/admin/.rbenv/versions/2.2.3/lib/ruby/gems/2.2.0/gems/actionpack-5.0.0/lib/action_dispatch/middleware/templates/rescues/_request_and_response.html.erb
  Rendered /Users/admin/.rbenv/versions/2.2.3/lib/ruby/gems/2.2.0/gems/actionpack-5.0.0/lib/action_dispatch/middleware/templates/rescues/_request_and_response.html.erb (8.2ms)
  Rendered /Users/admin/.rbenv/versions/2.2.3/lib/ruby/gems/2.2.0/gems/actionpack-5.0.0/lib/action_dispatch/middleware/templates/rescues/routing_error.html.erb within rescues/layout (111.8ms)
Started GET "/" for 127.0.0.1 at 2017-01-14 13:19:26 +1300
Processing by Rails::WelcomeController#index as HTML
  Parameters: {"internal"=>true}
  Rendering /Users/admin/.rbenv/versions/2.2.3/lib/ruby/gems/2.2.0/gems/railties-5.0.0/lib/rails/templates/rails/welcome/index.html.erb
  Rendered /Users/admin/.rbenv/versions/2.2.3/lib/ruby/gems/2.2.0/gems/railties-5.0.0/lib/rails/templates/rails/welcome/index.html.erb (2.4ms)
Completed 200 OK in 7ms (Views: 4.4ms | ActiveRecord: 0.0ms)


Started GET "/" for 127.0.0.1 at 2017-01-14 13:19:39 +1300
  
ActionController::RoutingError (uninitialized constant PropertyController):
  
activesupport (5.0.0) lib/active_support/inflector/methods.rb:268:in `const_get'
activesupport (5.0.0) lib/active_support/inflector/methods.rb:268:in `block in constantize'
activesupport (5.0.0) lib/active_support/inflector/methods.rb:266:in `each'
activesupport (5.0.0) lib/active_support/inflector/methods.rb:266:in `inject'
activesupport (5.0.0) lib/active_support/inflector/methods.rb:266:in `constantize'
actionpack (5.0.0) lib/action_dispatch/http/request.rb:93:in `controller_class'
actionpack (5.0.0) lib/action_dispatch/routing/route_set.rb:44:in `controller'
actionpack (5.0.0) lib/action_dispatch/routing/route_set.rb:30:in `serve'
actionpack (5.0.0) lib/action_dispatch/journey/router.rb:39:in `block in serve'
actionpack (5.0.0) lib/action_dispatch/journey/router.rb:26:in `each'
actionpack (5.0.0) lib/action_dispatch/journey/router.rb:26:in `serve'
actionpack (5.0.0) lib/action_dispatch/routing/route_set.rb:725:in `call'
rack (2.0.1) lib/rack/etag.rb:25:in `call'
rack (2.0.1) lib/rack/conditional_get.rb:25:in `call'
rack (2.0.1) lib/rack/head.rb:12:in `call'
rack (2.0.1) lib/rack/session/abstract/id.rb:222:in `context'
rack (2.0.1) lib/rack/session/abstract/id.rb:216:in `call'
actionpack (5.0.0) lib/action_dispatch/middleware/cookies.rb:613:in `call'
activerecord (5.0.0) lib/active_record/migration.rb:552:in `call'
actionpack (5.0.0) lib/action_dispatch/middleware/callbacks.rb:38:in `block in call'
activesupport (5.0.0) lib/active_support/callbacks.rb:97:in `__run_callbacks__'
activesupport (5.0.0) lib/active_support/callbacks.rb:750:in `_run_call_callbacks'
activesupport (5.0.0) lib/active_support/callbacks.rb:90:in `run_callbacks'
actionpack (5.0.0) lib/action_dispatch/middleware/callbacks.rb:36:in `call'
actionpack (5.0.0) lib/action_dispatch/middleware/executor.rb:12:in `call'
actionpack (5.0.0) lib/action_dispatch/middleware/remote_ip.rb:79:in `call'
actionpack (5.0.0) lib/action_dispatch/middleware/debug_exceptions.rb:49:in `call'
actionpack (5.0.0) lib/action_dispatch/middleware/show_exceptions.rb:31:in `call'
railties (5.0.0) lib/rails/rack/logger.rb:36:in `call_app'
railties (5.0.0) lib/rails/rack/logger.rb:24:in `block in call'
activesupport (5.0.0) lib/active_support/tagged_logging.rb:70:in `block in tagged'
activesupport (5.0.0) lib/active_support/tagged_logging.rb:26:in `tagged'
activesupport (5.0.0) lib/active_support/tagged_logging.rb:70:in `tagged'
railties (5.0.0) lib/rails/rack/logger.rb:24:in `call'
actionpack (5.0.0) lib/action_dispatch/middleware/request_id.rb:24:in `call'
rack (2.0.1) lib/rack/method_override.rb:22:in `call'
rack (2.0.1) lib/rack/runtime.rb:22:in `call'
activesupport (5.0.0) lib/active_support/cache/strategy/local_cache_middleware.rb:28:in `call'
actionpack (5.0.0) lib/action_dispatch/middleware/executor.rb:12:in `call'
actionpack (5.0.0) lib/action_dispatch/middleware/static.rb:136:in `call'
rack (2.0.1) lib/rack/sendfile.rb:111:in `call'
railties (5.0.0) lib/rails/engine.rb:522:in `call'
rack (2.0.1) lib/rack/handler/webrick.rb:86:in `service'
/Users/admin/.rbenv/versions/2.2.3/lib/ruby/2.2.0/webrick/httpserver.rb:138:in `service'
/Users/admin/.rbenv/versions/2.2.3/lib/ruby/2.2.0/webrick/httpserver.rb:94:in `run'
/Users/admin/.rbenv/versions/2.2.3/lib/ruby/2.2.0/webrick/server.rb:294:in `block in start_thread'
  Rendering /Users/admin/.rbenv/versions/2.2.3/lib/ruby/gems/2.2.0/gems/actionpack-5.0.0/lib/action_dispatch/middleware/templates/rescues/routing_error.html.erb within rescues/layout
  Rendering /Users/admin/.rbenv/versions/2.2.3/lib/ruby/gems/2.2.0/gems/actionpack-5.0.0/lib/action_dispatch/middleware/templates/rescues/_trace.html.erb
  Rendered /Users/admin/.rbenv/versions/2.2.3/lib/ruby/gems/2.2.0/gems/actionpack-5.0.0/lib/action_dispatch/middleware/templates/rescues/_trace.html.erb (1.7ms)
  Rendered collection of /Users/admin/.rbenv/versions/2.2.3/lib/ruby/gems/2.2.0/gems/actionpack-5.0.0/lib/action_dispatch/middleware/templates/routes/_route.html.erb [9 times] (3.5ms)
  Rendered /Users/admin/.rbenv/versions/2.2.3/lib/ruby/gems/2.2.0/gems/actionpack-5.0.0/lib/action_dispatch/middleware/templates/routes/_table.html.erb (1.3ms)
  Rendering /Users/admin/.rbenv/versions/2.2.3/lib/ruby/gems/2.2.0/gems/actionpack-5.0.0/lib/action_dispatch/middleware/templates/rescues/_request_and_response.html.erb
  Rendered /Users/admin/.rbenv/versions/2.2.3/lib/ruby/gems/2.2.0/gems/actionpack-5.0.0/lib/action_dispatch/middleware/templates/rescues/_request_and_response.html.erb (6.6ms)
  Rendered /Users/admin/.rbenv/versions/2.2.3/lib/ruby/gems/2.2.0/gems/actionpack-5.0.0/lib/action_dispatch/middleware/templates/rescues/routing_error.html.erb within rescues/layout (92.4ms)
Started GET "/" for 127.0.0.1 at 2017-01-14 13:20:01 +1300
Processing by PropertiesController#index as HTML
Completed 500 Internal Server Error in 1ms (ActiveRecord: 0.0ms)


  
NameError (uninitialized constant PropertiesController::Property):
  
app/controllers/properties_controller.rb:7:in `index'
  Rendering /Users/admin/.rbenv/versions/2.2.3/lib/ruby/gems/2.2.0/gems/actionpack-5.0.0/lib/action_dispatch/middleware/templates/rescues/diagnostics.html.erb within rescues/layout
  Rendering /Users/admin/.rbenv/versions/2.2.3/lib/ruby/gems/2.2.0/gems/actionpack-5.0.0/lib/action_dispatch/middleware/templates/rescues/_source.html.erb
  Rendered /Users/admin/.rbenv/versions/2.2.3/lib/ruby/gems/2.2.0/gems/actionpack-5.0.0/lib/action_dispatch/middleware/templates/rescues/_source.html.erb (5.3ms)
  Rendering /Users/admin/.rbenv/versions/2.2.3/lib/ruby/gems/2.2.0/gems/actionpack-5.0.0/lib/action_dispatch/middleware/templates/rescues/_trace.html.erb
  Rendered /Users/admin/.rbenv/versions/2.2.3/lib/ruby/gems/2.2.0/gems/actionpack-5.0.0/lib/action_dispatch/middleware/templates/rescues/_trace.html.erb (1.8ms)
  Rendering /Users/admin/.rbenv/versions/2.2.3/lib/ruby/gems/2.2.0/gems/actionpack-5.0.0/lib/action_dispatch/middleware/templates/rescues/_request_and_response.html.erb
  Rendered /Users/admin/.rbenv/versions/2.2.3/lib/ruby/gems/2.2.0/gems/actionpack-5.0.0/lib/action_dispatch/middleware/templates/rescues/_request_and_response.html.erb (0.6ms)
  Rendered /Users/admin/.rbenv/versions/2.2.3/lib/ruby/gems/2.2.0/gems/actionpack-5.0.0/lib/action_dispatch/middleware/templates/rescues/diagnostics.html.erb within rescues/layout (65.5ms)
  [1m[35m (1.5ms)[0m  [1m[35mCREATE TABLE "schema_migrations" ("version" varchar NOT NULL PRIMARY KEY)[0m
  [1m[35m (0.7ms)[0m  [1m[35mCREATE TABLE "ar_internal_metadata" ("key" varchar NOT NULL PRIMARY KEY, "value" varchar, "created_at" datetime NOT NULL, "updated_at" datetime NOT NULL)[0m
  [1m[36mActiveRecord::SchemaMigration Load (0.1ms)[0m  [1m[34mSELECT "schema_migrations".* FROM "schema_migrations"[0m
Migrating to CreateProperties (20170114002541)
  [1m[35m (0.1ms)[0m  [1m[36mbegin transaction[0m
  [1m[35m (0.3ms)[0m  [1m[35mCREATE TABLE "properties" ("id" INTEGER PRIMARY KEY AUTOINCREMENT NOT NULL, "title" varchar, "location" varchar, "description" varchar, "publish" varchar, "created_at" datetime NOT NULL, "updated_at" datetime NOT NULL)[0m
  [1m[35mSQL (0.1ms)[0m  [1m[32mINSERT INTO "schema_migrations" ("version") VALUES (?)[0m  [["version", "20170114002541"]]
  [1m[35m (0.5ms)[0m  [1m[36mcommit transaction[0m
  [1m[36mActiveRecord::InternalMetadata Load (0.1ms)[0m  [1m[34mSELECT  "ar_internal_metadata".* FROM "ar_internal_metadata" WHERE "ar_internal_metadata"."key" = ? LIMIT ?[0m  [["key", :environment], ["LIMIT", 1]]
  [1m[35m (0.1ms)[0m  [1m[36mbegin transaction[0m
  [1m[35mSQL (0.3ms)[0m  [1m[32mINSERT INTO "ar_internal_metadata" ("key", "value", "created_at", "updated_at") VALUES (?, ?, ?, ?)[0m  [["key", "environment"], ["value", "development"], ["created_at", 2017-01-14 00:26:41 UTC], ["updated_at", 2017-01-14 00:26:41 UTC]]
  [1m[35m (0.5ms)[0m  [1m[36mcommit transaction[0m
  [1m[36mActiveRecord::SchemaMigration Load (0.1ms)[0m  [1m[34mSELECT "schema_migrations".* FROM "schema_migrations"[0m
Started GET "/" for 127.0.0.1 at 2017-01-14 13:29:45 +1300
  [1m[36mActiveRecord::SchemaMigration Load (0.1ms)[0m  [1m[34mSELECT "schema_migrations".* FROM "schema_migrations"[0m
Processing by PropertiesController#index as HTML
  Rendering properties/index.html.erb within layouts/application
  [1m[36mProperty Load (0.1ms)[0m  [1m[34mSELECT "properties".* FROM "properties"[0m
  Rendered properties/index.html.erb within layouts/application (1.9ms)
Completed 200 OK in 371ms (Views: 367.8ms | ActiveRecord: 0.3ms)


Started GET "/assets/properties.self-b60acab5af8d245ed2b3012f77d11d8d207d8eada27756badaf4ef05770d60f6.css?body=1" for 127.0.0.1 at 2017-01-14 13:29:46 +1300
Started GET "/assets/application.self-565a90fd247bd9ef75cf5f71be1e11e37c3ad80695d8bdfb331fe844afbe0a9e.css?body=1" for 127.0.0.1 at 2017-01-14 13:29:46 +1300
Started GET "/assets/scaffold.self-f87869baadacf2097cd85c60bf8679819cf7c448b74b7458a3e8c392eceb33be.css?body=1" for 127.0.0.1 at 2017-01-14 13:29:46 +1300
Started GET "/assets/jquery_ujs.self-784a997f6726036b1993eb2217c9cb558e1cbb801c6da88105588c56f13b466a.js?body=1" for 127.0.0.1 at 2017-01-14 13:29:46 +1300
Started GET "/assets/jquery.self-bd7ddd393353a8d2480a622e80342adf488fb6006d667e8b42e4c0073393abee.js?body=1" for 127.0.0.1 at 2017-01-14 13:29:46 +1300
Started GET "/assets/application.self-85a3df08aab34bc6a22c0cf18bd349b5a3fda5edca3e6dead5e0390446173b12.js?body=1" for 127.0.0.1 at 2017-01-14 13:29:46 +1300
Started GET "/assets/properties.self-19a187bec6cdb96d6de80a61c16c857c613536adf9138476bd367db38d282635.js?body=1" for 127.0.0.1 at 2017-01-14 13:29:46 +1300
Started GET "/assets/turbolinks.self-c5acd7a204f5f25ce7a1d8a0e4d92e28d34c9e2df2c7371cd7af88e147e4ad82.js?body=1" for 127.0.0.1 at 2017-01-14 13:29:46 +1300
Started GET "/properties/new" for 127.0.0.1 at 2017-01-14 13:29:49 +1300
Processing by PropertiesController#new as HTML
  Rendering properties/new.html.erb within layouts/application
  Rendered properties/_form.html.erb (10.4ms)
  Rendered properties/new.html.erb within layouts/application (12.4ms)
Completed 200 OK in 45ms (Views: 36.9ms | ActiveRecord: 0.6ms)


Started POST "/properties" for 127.0.0.1 at 2017-01-14 13:29:53 +1300
Processing by PropertiesController#create as HTML
  Parameters: {"utf8"=>"✓", "authenticity_token"=>"io3YPtsv0+f2huW4ayiUnIfZpDSqR5fMcehSS+vrXZNhc1n0xoUMsPqPZcUqjDzjW4EdkyXtve/+vExFUEt22Q==", "property"=>{"title"=>"xx", "location"=>"xx", "description"=>"xx", "publish"=>"xx"}, "commit"=>"Create Property"}
  [1m[35m (0.3ms)[0m  [1m[36mbegin transaction[0m
  [1m[35mSQL (0.6ms)[0m  [1m[32mINSERT INTO "properties" ("title", "location", "description", "publish", "created_at", "updated_at") VALUES (?, ?, ?, ?, ?, ?)[0m  [["title", "xx"], ["location", "xx"], ["description", "xx"], ["publish", "xx"], ["created_at", 2017-01-14 00:29:53 UTC], ["updated_at", 2017-01-14 00:29:53 UTC]]
  [1m[35m (0.5ms)[0m  [1m[36mcommit transaction[0m
Redirected to http://0.0.0.0:3000/properties/1
Completed 302 Found in 6ms (ActiveRecord: 1.4ms)


Started GET "/properties/1" for 127.0.0.1 at 2017-01-14 13:29:53 +1300
Processing by PropertiesController#show as HTML
  Parameters: {"id"=>"1"}
  [1m[36mProperty Load (0.1ms)[0m  [1m[34mSELECT  "properties".* FROM "properties" WHERE "properties"."id" = ? LIMIT ?[0m  [["id", 1], ["LIMIT", 1]]
  Rendering properties/show.html.erb within layouts/application
  Rendered properties/show.html.erb within layouts/application (0.7ms)
Completed 200 OK in 19ms (Views: 15.0ms | ActiveRecord: 0.1ms)


Started GET "/properties" for 127.0.0.1 at 2017-01-14 13:29:55 +1300
Processing by PropertiesController#index as HTML
  Rendering properties/index.html.erb within layouts/application
  [1m[36mProperty Load (0.5ms)[0m  [1m[34mSELECT "properties".* FROM "properties"[0m
  Rendered properties/index.html.erb within layouts/application (2.2ms)
Completed 200 OK in 17ms (Views: 14.4ms | ActiveRecord: 0.5ms)


Started GET "/properties/1" for 127.0.0.1 at 2017-01-14 13:46:06 +1300
Processing by PropertiesController#show as HTML
  Parameters: {"id"=>"1"}
  [1m[36mProperty Load (0.2ms)[0m  [1m[34mSELECT  "properties".* FROM "properties" WHERE "properties"."id" = ? LIMIT ?[0m  [["id", 1], ["LIMIT", 1]]
  Rendering properties/show.html.erb within layouts/application
  Rendered properties/show.html.erb within layouts/application (0.8ms)
Completed 200 OK in 18ms (Views: 15.9ms | ActiveRecord: 0.2ms)


  [1m[35m (26.3ms)[0m  [1m[35mCREATE TABLE `schema_migrations` (`version` varchar(255) PRIMARY KEY) ENGINE=InnoDB[0m
  [1m[35m (17.0ms)[0m  [1m[35mCREATE TABLE `ar_internal_metadata` (`key` varchar(255) PRIMARY KEY, `value` varchar(255), `created_at` datetime NOT NULL, `updated_at` datetime NOT NULL) ENGINE=InnoDB[0m
  [1m[35m (0.3ms)[0m  [1m[34mSELECT DATABASE() as db[0m
  [1m[35m (0.2ms)[0m  [1m[34mSELECT GET_LOCK('798595850468909745', 0);[0m
  [1m[36mActiveRecord::SchemaMigration Load (4.6ms)[0m  [1m[34mSELECT `schema_migrations`.* FROM `schema_migrations`[0m
Migrating to CreateProperties (20170114002541)
  [1m[35m (18.8ms)[0m  [1m[35mCREATE TABLE `properties` (`id` int AUTO_INCREMENT PRIMARY KEY, `title` varchar(255), `location` varchar(255), `description` varchar(255), `publish` varchar(255), `created_at` datetime NOT NULL, `updated_at` datetime NOT NULL) ENGINE=InnoDB[0m
  [1m[35m (0.2ms)[0m  [1m[35mBEGIN[0m
  [1m[35mSQL (1.1ms)[0m  [1m[32mINSERT INTO `schema_migrations` (`version`) VALUES ('20170114002541')[0m
  [1m[35m (0.2ms)[0m  [1m[35mCOMMIT[0m
  [1m[36mActiveRecord::InternalMetadata Load (0.4ms)[0m  [1m[34mSELECT  `ar_internal_metadata`.* FROM `ar_internal_metadata` WHERE `ar_internal_metadata`.`key` = 'environment' LIMIT 1[0m
  [1m[35m (0.1ms)[0m  [1m[35mBEGIN[0m
  [1m[35mSQL (0.4ms)[0m  [1m[32mINSERT INTO `ar_internal_metadata` (`key`, `value`, `created_at`, `updated_at`) VALUES ('environment', 'development', '2017-01-14 01:07:42', '2017-01-14 01:07:42')[0m
  [1m[35m (0.2ms)[0m  [1m[35mCOMMIT[0m
  [1m[35m (0.4ms)[0m  [1m[34mSELECT RELEASE_LOCK('798595850468909745')[0m
  [1m[36mActiveRecord::SchemaMigration Load (0.2ms)[0m  [1m[34mSELECT `schema_migrations`.* FROM `schema_migrations`[0m
  [1m[35m (0.1ms)[0m  [1m[35mSHOW CREATE TABLE `properties`[0m
  [1m[35m (0.3ms)[0m  [1m[35mSHOW TABLE STATUS LIKE 'properties'[0m
  [1m[35m (0.2ms)[0m  [1m[34mSELECT fk.referenced_table_name as 'to_table'
      ,fk.referenced_column_name as 'primary_key'
      ,fk.column_name as 'column'
      ,fk.constraint_name as 'name'
FROM information_schema.key_column_usage fk
WHERE fk.referenced_column_name is not null
  AND fk.table_schema = 'open_home_development'
  AND fk.table_name = 'properties'
[0m
Started GET "/properties" for 127.0.0.1 at 2017-01-14 14:08:00 +1300
Processing by PropertiesController#index as HTML
  Rendering properties/index.html.erb within layouts/application
  [1m[36mProperty Load (0.3ms)[0m  [1m[34mSELECT "properties".* FROM "properties"[0m
  Rendered properties/index.html.erb within layouts/application (6.8ms)
Completed 200 OK in 24ms (Views: 20.0ms | ActiveRecord: 0.7ms)


Started GET "/assets/properties.self-19a187bec6cdb96d6de80a61c16c857c613536adf9138476bd367db38d282635.js?body=1" for 127.0.0.1 at 2017-01-14 14:08:00 +1300
Started GET "/properties/new" for 127.0.0.1 at 2017-01-14 14:08:07 +1300
Processing by PropertiesController#new as HTML
  Rendering properties/new.html.erb within layouts/application
  Rendered properties/_form.html.erb (2.7ms)
  Rendered properties/new.html.erb within layouts/application (4.5ms)
Completed 200 OK in 19ms (Views: 17.0ms | ActiveRecord: 0.0ms)


Started GET "/properties" for 127.0.0.1 at 2017-01-14 14:10:29 +1300
Processing by PropertiesController#index as HTML
  Rendering properties/index.html.erb within layouts/application
  [1m[36mProperty Load (0.3ms)[0m  [1m[34mSELECT "properties".* FROM "properties"[0m
  Rendered properties/index.html.erb within layouts/application (6.5ms)
Completed 200 OK in 80ms (Views: 75.5ms | ActiveRecord: 0.7ms)


Started GET "/assets/static_pages.self-b60acab5af8d245ed2b3012f77d11d8d207d8eada27756badaf4ef05770d60f6.css?body=1" for 127.0.0.1 at 2017-01-14 14:10:29 +1300
Started GET "/assets/static_pages.self-19a187bec6cdb96d6de80a61c16c857c613536adf9138476bd367db38d282635.js?body=1" for 127.0.0.1 at 2017-01-14 14:10:29 +1300
Started GET "/" for 127.0.0.1 at 2017-01-14 14:10:32 +1300
Processing by StaticPagesController#home as HTML
  Rendering static_pages/home.html.erb within layouts/application
  Rendered static_pages/home.html.erb within layouts/application (0.3ms)
Completed 200 OK in 16ms (Views: 14.1ms | ActiveRecord: 0.0ms)


Started GET "/" for 127.0.0.1 at 2017-01-14 14:15:12 +1300
Processing by StaticPagesController#home as HTML
  Rendering static_pages/home.html.erb within layouts/application
  Rendered static_pages/home.html.erb within layouts/application (0.4ms)
Completed 500 Internal Server Error in 18ms (ActiveRecord: 0.0ms)


  
ActionView::Template::Error (couldn't find file 'foundation' with type 'application/javascript'
Checked in these paths: 
  /Users/admin/Documents/ruby/open_home/app/assets/images
  /Users/admin/Documents/ruby/open_home/app/assets/javascripts
  /Users/admin/Documents/ruby/open_home/app/assets/stylesheets
  /Users/admin/Documents/ruby/open_home/vendor/assets/javascripts
  /Users/admin/Documents/ruby/open_home/vendor/assets/stylesheets
  /Users/admin/.rbenv/versions/2.2.3/lib/ruby/gems/2.2.0/gems/jquery-rails-4.2.2/vendor/assets/javascripts
  /Users/admin/.rbenv/versions/2.2.3/lib/ruby/gems/2.2.0/gems/actioncable-5.0.0/lib/assets/compiled
  /Users/admin/.rbenv/versions/2.2.3/lib/ruby/gems/2.2.0/gems/turbolinks-source-5.0.0/lib/assets/javascripts):
    3: <head>
    4:   <title>OpenHome</title>
    5:   <%= stylesheet_link_tag    'application', media: 'all', 'data-turbolinks-track' => true %>
    6:   <%= javascript_include_tag 'application', 'data-turbolinks-track' => true %>
    7:   <meta name="viewport" content="width=device-width, initial-scale=1.0" />
    8:   <%= csrf_meta_tags %>
    9: </head>
  
app/assets/javascripts/application.js:17
app/views/layouts/application.html.erb:6:in `_app_views_layouts_application_html_erb___654456123788879832_70324937617540'
  Rendering /Users/admin/.rbenv/versions/2.2.3/lib/ruby/gems/2.2.0/gems/actionpack-5.0.0/lib/action_dispatch/middleware/templates/rescues/template_error.html.erb within rescues/layout
  Rendering /Users/admin/.rbenv/versions/2.2.3/lib/ruby/gems/2.2.0/gems/actionpack-5.0.0/lib/action_dispatch/middleware/templates/rescues/_source.html.erb
  Rendered /Users/admin/.rbenv/versions/2.2.3/lib/ruby/gems/2.2.0/gems/actionpack-5.0.0/lib/action_dispatch/middleware/templates/rescues/_source.html.erb (7.4ms)
  Rendering /Users/admin/.rbenv/versions/2.2.3/lib/ruby/gems/2.2.0/gems/actionpack-5.0.0/lib/action_dispatch/middleware/templates/rescues/_trace.html.erb
  Rendered /Users/admin/.rbenv/versions/2.2.3/lib/ruby/gems/2.2.0/gems/actionpack-5.0.0/lib/action_dispatch/middleware/templates/rescues/_trace.html.erb (2.8ms)
  Rendering /Users/admin/.rbenv/versions/2.2.3/lib/ruby/gems/2.2.0/gems/actionpack-5.0.0/lib/action_dispatch/middleware/templates/rescues/_request_and_response.html.erb
  Rendered /Users/admin/.rbenv/versions/2.2.3/lib/ruby/gems/2.2.0/gems/actionpack-5.0.0/lib/action_dispatch/middleware/templates/rescues/_request_and_response.html.erb (0.9ms)
  Rendered /Users/admin/.rbenv/versions/2.2.3/lib/ruby/gems/2.2.0/gems/actionpack-5.0.0/lib/action_dispatch/middleware/templates/rescues/template_error.html.erb within rescues/layout (65.0ms)
Started GET "/" for 127.0.0.1 at 2017-01-14 14:15:35 +1300
  [1m[36mActiveRecord::SchemaMigration Load (0.3ms)[0m  [1m[34mSELECT `schema_migrations`.* FROM `schema_migrations`[0m
Processing by StaticPagesController#home as HTML
  Rendering static_pages/home.html.erb within layouts/application
  Rendered static_pages/home.html.erb within layouts/application (1.2ms)
Completed 500 Internal Server Error in 154ms (ActiveRecord: 0.0ms)


  
ActionView::Template::Error (couldn't find file 'foundation' with type 'application/javascript'
Checked in these paths: 
  /Users/admin/Documents/ruby/open_home/app/assets/images
  /Users/admin/Documents/ruby/open_home/app/assets/javascripts
  /Users/admin/Documents/ruby/open_home/app/assets/stylesheets
  /Users/admin/Documents/ruby/open_home/vendor/assets/javascripts
  /Users/admin/Documents/ruby/open_home/vendor/assets/stylesheets
  /Users/admin/.rbenv/versions/2.2.3/lib/ruby/gems/2.2.0/gems/jquery-rails-4.2.2/vendor/assets/javascripts
  /Users/admin/.rbenv/versions/2.2.3/lib/ruby/gems/2.2.0/gems/actioncable-5.0.0/lib/assets/compiled
  /Users/admin/.rbenv/versions/2.2.3/lib/ruby/gems/2.2.0/gems/turbolinks-source-5.0.0/lib/assets/javascripts):
    2: <html>
    3: <head>
    4:   <title>OpenHome</title>
    5:   <%= stylesheet_link_tag    'application', media: 'all', 'data-turbolinks-track' => true %>
    6:   <%= javascript_include_tag 'application', 'data-turbolinks-track' => true %>
    7:   <meta name="viewport" content="width=device-width, initial-scale=1.0" />
    8:   <%= csrf_meta_tags %>
  
app/assets/javascripts/application.js:17
app/views/layouts/application.html.erb:5:in `_app_views_layouts_application_html_erb___2670395485371508171_70166027090040'
  Rendering /Users/admin/.rbenv/versions/2.2.3/lib/ruby/gems/2.2.0/gems/actionpack-5.0.0/lib/action_dispatch/middleware/templates/rescues/template_error.html.erb within rescues/layout
  Rendering /Users/admin/.rbenv/versions/2.2.3/lib/ruby/gems/2.2.0/gems/actionpack-5.0.0/lib/action_dispatch/middleware/templates/rescues/_source.html.erb
  Rendered /Users/admin/.rbenv/versions/2.2.3/lib/ruby/gems/2.2.0/gems/actionpack-5.0.0/lib/action_dispatch/middleware/templates/rescues/_source.html.erb (9.9ms)
  Rendering /Users/admin/.rbenv/versions/2.2.3/lib/ruby/gems/2.2.0/gems/actionpack-5.0.0/lib/action_dispatch/middleware/templates/rescues/_trace.html.erb
  Rendered /Users/admin/.rbenv/versions/2.2.3/lib/ruby/gems/2.2.0/gems/actionpack-5.0.0/lib/action_dispatch/middleware/templates/rescues/_trace.html.erb (3.9ms)
  Rendering /Users/admin/.rbenv/versions/2.2.3/lib/ruby/gems/2.2.0/gems/actionpack-5.0.0/lib/action_dispatch/middleware/templates/rescues/_request_and_response.html.erb
  Rendered /Users/admin/.rbenv/versions/2.2.3/lib/ruby/gems/2.2.0/gems/actionpack-5.0.0/lib/action_dispatch/middleware/templates/rescues/_request_and_response.html.erb (2.1ms)
  Rendered /Users/admin/.rbenv/versions/2.2.3/lib/ruby/gems/2.2.0/gems/actionpack-5.0.0/lib/action_dispatch/middleware/templates/rescues/template_error.html.erb within rescues/layout (76.3ms)
Started GET "/" for 127.0.0.1 at 2017-01-14 14:16:16 +1300
Processing by StaticPagesController#home as HTML
  Rendering static_pages/home.html.erb within layouts/application
  Rendered static_pages/home.html.erb within layouts/application (0.3ms)
Completed 500 Internal Server Error in 12ms (ActiveRecord: 0.0ms)


  
ActionView::Template::Error (couldn't find file 'foundation' with type 'application/javascript'
Checked in these paths: 
  /Users/admin/Documents/ruby/open_home/app/assets/images
  /Users/admin/Documents/ruby/open_home/app/assets/javascripts
  /Users/admin/Documents/ruby/open_home/app/assets/stylesheets
  /Users/admin/Documents/ruby/open_home/vendor/assets/javascripts
  /Users/admin/Documents/ruby/open_home/vendor/assets/stylesheets
  /Users/admin/.rbenv/versions/2.2.3/lib/ruby/gems/2.2.0/gems/jquery-rails-4.2.2/vendor/assets/javascripts
  /Users/admin/.rbenv/versions/2.2.3/lib/ruby/gems/2.2.0/gems/actioncable-5.0.0/lib/assets/compiled
  /Users/admin/.rbenv/versions/2.2.3/lib/ruby/gems/2.2.0/gems/turbolinks-source-5.0.0/lib/assets/javascripts):
    2: <html>
    3: <head>
    4:   <title>OpenHome</title>
    5:   <%= stylesheet_link_tag    'application', media: 'all', 'data-turbolinks-track' => true %>
    6:   <%= javascript_include_tag 'application', 'data-turbolinks-track' => true %>
    7:   <meta name="viewport" content="width=device-width, initial-scale=1.0" />
    8:   <%= csrf_meta_tags %>
  
app/assets/javascripts/application.js:17
app/views/layouts/application.html.erb:5:in `_app_views_layouts_application_html_erb___2670395485371508171_70166027950660'
  Rendering /Users/admin/.rbenv/versions/2.2.3/lib/ruby/gems/2.2.0/gems/actionpack-5.0.0/lib/action_dispatch/middleware/templates/rescues/template_error.html.erb within rescues/layout
  Rendering /Users/admin/.rbenv/versions/2.2.3/lib/ruby/gems/2.2.0/gems/actionpack-5.0.0/lib/action_dispatch/middleware/templates/rescues/_source.html.erb
  Rendered /Users/admin/.rbenv/versions/2.2.3/lib/ruby/gems/2.2.0/gems/actionpack-5.0.0/lib/action_dispatch/middleware/templates/rescues/_source.html.erb (9.6ms)
  Rendering /Users/admin/.rbenv/versions/2.2.3/lib/ruby/gems/2.2.0/gems/actionpack-5.0.0/lib/action_dispatch/middleware/templates/rescues/_trace.html.erb
  Rendered /Users/admin/.rbenv/versions/2.2.3/lib/ruby/gems/2.2.0/gems/actionpack-5.0.0/lib/action_dispatch/middleware/templates/rescues/_trace.html.erb (3.1ms)
  Rendering /Users/admin/.rbenv/versions/2.2.3/lib/ruby/gems/2.2.0/gems/actionpack-5.0.0/lib/action_dispatch/middleware/templates/rescues/_request_and_response.html.erb
  Rendered /Users/admin/.rbenv/versions/2.2.3/lib/ruby/gems/2.2.0/gems/actionpack-5.0.0/lib/action_dispatch/middleware/templates/rescues/_request_and_response.html.erb (0.9ms)
  Rendered /Users/admin/.rbenv/versions/2.2.3/lib/ruby/gems/2.2.0/gems/actionpack-5.0.0/lib/action_dispatch/middleware/templates/rescues/template_error.html.erb within rescues/layout (67.7ms)
Started GET "/" for 127.0.0.1 at 2017-01-14 14:20:23 +1300
Processing by StaticPagesController#home as HTML
  Rendering static_pages/home.html.erb within layouts/application
  Rendered static_pages/home.html.erb within layouts/application (0.3ms)
Completed 500 Internal Server Error in 11ms (ActiveRecord: 0.0ms)


  
LoadError (cannot load such file -- sass):
  
app/views/layouts/application.html.erb:5:in `_app_views_layouts_application_html_erb___2670395485371508171_70166093553480'
  Rendering /Users/admin/.rbenv/versions/2.2.3/lib/ruby/gems/2.2.0/gems/actionpack-5.0.0/lib/action_dispatch/middleware/templates/rescues/diagnostics.html.erb within rescues/layout
  Rendering /Users/admin/.rbenv/versions/2.2.3/lib/ruby/gems/2.2.0/gems/actionpack-5.0.0/lib/action_dispatch/middleware/templates/rescues/_source.html.erb
  Rendered /Users/admin/.rbenv/versions/2.2.3/lib/ruby/gems/2.2.0/gems/actionpack-5.0.0/lib/action_dispatch/middleware/templates/rescues/_source.html.erb (6.5ms)
  Rendering /Users/admin/.rbenv/versions/2.2.3/lib/ruby/gems/2.2.0/gems/actionpack-5.0.0/lib/action_dispatch/middleware/templates/rescues/_trace.html.erb
  Rendered /Users/admin/.rbenv/versions/2.2.3/lib/ruby/gems/2.2.0/gems/actionpack-5.0.0/lib/action_dispatch/middleware/templates/rescues/_trace.html.erb (2.7ms)
  Rendering /Users/admin/.rbenv/versions/2.2.3/lib/ruby/gems/2.2.0/gems/actionpack-5.0.0/lib/action_dispatch/middleware/templates/rescues/_request_and_response.html.erb
  Rendered /Users/admin/.rbenv/versions/2.2.3/lib/ruby/gems/2.2.0/gems/actionpack-5.0.0/lib/action_dispatch/middleware/templates/rescues/_request_and_response.html.erb (0.7ms)
  Rendered /Users/admin/.rbenv/versions/2.2.3/lib/ruby/gems/2.2.0/gems/actionpack-5.0.0/lib/action_dispatch/middleware/templates/rescues/diagnostics.html.erb within rescues/layout (64.4ms)
Started GET "/" for 127.0.0.1 at 2017-01-14 14:20:40 +1300
Processing by StaticPagesController#home as HTML
  Rendering static_pages/home.html.erb within layouts/application
  Rendered static_pages/home.html.erb within layouts/application (0.5ms)
Completed 500 Internal Server Error in 9ms (ActiveRecord: 0.0ms)


  
LoadError (cannot load such file -- sass):
  
app/views/layouts/application.html.erb:5:in `_app_views_layouts_application_html_erb___2670395485371508171_70166105543760'
  Rendering /Users/admin/.rbenv/versions/2.2.3/lib/ruby/gems/2.2.0/gems/actionpack-5.0.0/lib/action_dispatch/middleware/templates/rescues/diagnostics.html.erb within rescues/layout
  Rendering /Users/admin/.rbenv/versions/2.2.3/lib/ruby/gems/2.2.0/gems/actionpack-5.0.0/lib/action_dispatch/middleware/templates/rescues/_source.html.erb
  Rendered /Users/admin/.rbenv/versions/2.2.3/lib/ruby/gems/2.2.0/gems/actionpack-5.0.0/lib/action_dispatch/middleware/templates/rescues/_source.html.erb (7.1ms)
  Rendering /Users/admin/.rbenv/versions/2.2.3/lib/ruby/gems/2.2.0/gems/actionpack-5.0.0/lib/action_dispatch/middleware/templates/rescues/_trace.html.erb
  Rendered /Users/admin/.rbenv/versions/2.2.3/lib/ruby/gems/2.2.0/gems/actionpack-5.0.0/lib/action_dispatch/middleware/templates/rescues/_trace.html.erb (2.7ms)
  Rendering /Users/admin/.rbenv/versions/2.2.3/lib/ruby/gems/2.2.0/gems/actionpack-5.0.0/lib/action_dispatch/middleware/templates/rescues/_request_and_response.html.erb
  Rendered /Users/admin/.rbenv/versions/2.2.3/lib/ruby/gems/2.2.0/gems/actionpack-5.0.0/lib/action_dispatch/middleware/templates/rescues/_request_and_response.html.erb (0.8ms)
  Rendered /Users/admin/.rbenv/versions/2.2.3/lib/ruby/gems/2.2.0/gems/actionpack-5.0.0/lib/action_dispatch/middleware/templates/rescues/diagnostics.html.erb within rescues/layout (69.2ms)
Started GET "/" for 127.0.0.1 at 2017-01-14 14:21:19 +1300
Processing by StaticPagesController#home as HTML
  Rendering static_pages/home.html.erb within layouts/application
  Rendered static_pages/home.html.erb within layouts/application (0.3ms)
Completed 500 Internal Server Error in 8ms (ActiveRecord: 0.0ms)


  
LoadError (cannot load such file -- sass):
  
app/views/layouts/application.html.erb:5:in `_app_views_layouts_application_html_erb___2670395485371508171_70166075159340'
  Rendering /Users/admin/.rbenv/versions/2.2.3/lib/ruby/gems/2.2.0/gems/actionpack-5.0.0/lib/action_dispatch/middleware/templates/rescues/diagnostics.html.erb within rescues/layout
  Rendering /Users/admin/.rbenv/versions/2.2.3/lib/ruby/gems/2.2.0/gems/actionpack-5.0.0/lib/action_dispatch/middleware/templates/rescues/_source.html.erb
  Rendered /Users/admin/.rbenv/versions/2.2.3/lib/ruby/gems/2.2.0/gems/actionpack-5.0.0/lib/action_dispatch/middleware/templates/rescues/_source.html.erb (7.3ms)
  Rendering /Users/admin/.rbenv/versions/2.2.3/lib/ruby/gems/2.2.0/gems/actionpack-5.0.0/lib/action_dispatch/middleware/templates/rescues/_trace.html.erb
  Rendered /Users/admin/.rbenv/versions/2.2.3/lib/ruby/gems/2.2.0/gems/actionpack-5.0.0/lib/action_dispatch/middleware/templates/rescues/_trace.html.erb (2.8ms)
  Rendering /Users/admin/.rbenv/versions/2.2.3/lib/ruby/gems/2.2.0/gems/actionpack-5.0.0/lib/action_dispatch/middleware/templates/rescues/_request_and_response.html.erb
  Rendered /Users/admin/.rbenv/versions/2.2.3/lib/ruby/gems/2.2.0/gems/actionpack-5.0.0/lib/action_dispatch/middleware/templates/rescues/_request_and_response.html.erb (0.8ms)
  Rendered /Users/admin/.rbenv/versions/2.2.3/lib/ruby/gems/2.2.0/gems/actionpack-5.0.0/lib/action_dispatch/middleware/templates/rescues/diagnostics.html.erb within rescues/layout (66.1ms)
Started GET "/" for 127.0.0.1 at 2017-01-14 14:22:08 +1300
Processing by StaticPagesController#home as HTML
  Rendering static_pages/home.html.erb within layouts/application
  Rendered static_pages/home.html.erb within layouts/application (0.4ms)
Completed 500 Internal Server Error in 9ms (ActiveRecord: 0.0ms)


  
LoadError (cannot load such file -- sass):
  
app/views/layouts/application.html.erb:5:in `_app_views_layouts_application_html_erb___2670395485371508171_70166043797280'
  Rendering /Users/admin/.rbenv/versions/2.2.3/lib/ruby/gems/2.2.0/gems/actionpack-5.0.0/lib/action_dispatch/middleware/templates/rescues/diagnostics.html.erb within rescues/layout
  Rendering /Users/admin/.rbenv/versions/2.2.3/lib/ruby/gems/2.2.0/gems/actionpack-5.0.0/lib/action_dispatch/middleware/templates/rescues/_source.html.erb
  Rendered /Users/admin/.rbenv/versions/2.2.3/lib/ruby/gems/2.2.0/gems/actionpack-5.0.0/lib/action_dispatch/middleware/templates/rescues/_source.html.erb (7.2ms)
  Rendering /Users/admin/.rbenv/versions/2.2.3/lib/ruby/gems/2.2.0/gems/actionpack-5.0.0/lib/action_dispatch/middleware/templates/rescues/_trace.html.erb
  Rendered /Users/admin/.rbenv/versions/2.2.3/lib/ruby/gems/2.2.0/gems/actionpack-5.0.0/lib/action_dispatch/middleware/templates/rescues/_trace.html.erb (3.1ms)
  Rendering /Users/admin/.rbenv/versions/2.2.3/lib/ruby/gems/2.2.0/gems/actionpack-5.0.0/lib/action_dispatch/middleware/templates/rescues/_request_and_response.html.erb
  Rendered /Users/admin/.rbenv/versions/2.2.3/lib/ruby/gems/2.2.0/gems/actionpack-5.0.0/lib/action_dispatch/middleware/templates/rescues/_request_and_response.html.erb (0.8ms)
  Rendered /Users/admin/.rbenv/versions/2.2.3/lib/ruby/gems/2.2.0/gems/actionpack-5.0.0/lib/action_dispatch/middleware/templates/rescues/diagnostics.html.erb within rescues/layout (64.5ms)
Started GET "/" for 127.0.0.1 at 2017-01-14 14:23:42 +1300
Processing by StaticPagesController#home as HTML
  Rendering static_pages/home.html.erb within layouts/application
  Rendered static_pages/home.html.erb within layouts/application (0.4ms)
Completed 500 Internal Server Error in 13ms (ActiveRecord: 0.0ms)


  
ActionView::Template::Error (couldn't find file 'bootstrap-sprockets' with type 'application/javascript'
Checked in these paths: 
  /Users/admin/Documents/ruby/open_home/app/assets/images
  /Users/admin/Documents/ruby/open_home/app/assets/javascripts
  /Users/admin/Documents/ruby/open_home/app/assets/stylesheets
  /Users/admin/Documents/ruby/open_home/vendor/assets/javascripts
  /Users/admin/Documents/ruby/open_home/vendor/assets/stylesheets
  /Users/admin/.rbenv/versions/2.2.3/lib/ruby/gems/2.2.0/gems/jquery-rails-4.2.2/vendor/assets/javascripts
  /Users/admin/.rbenv/versions/2.2.3/lib/ruby/gems/2.2.0/gems/actioncable-5.0.0/lib/assets/compiled
  /Users/admin/.rbenv/versions/2.2.3/lib/ruby/gems/2.2.0/gems/turbolinks-source-5.0.0/lib/assets/javascripts):
    2: <html>
    3: <head>
    4:   <title>OpenHome</title>
    5:   <%= stylesheet_link_tag    'application', media: 'all', 'data-turbolinks-track' => true %>
    6:   <%= javascript_include_tag 'application', 'data-turbolinks-track' => true %>
    7:   <meta name="viewport" content="width=device-width, initial-scale=1.0" />
    8:   <%= csrf_meta_tags %>
  
app/assets/javascripts/application.js:17
app/views/layouts/application.html.erb:5:in `_app_views_layouts_application_html_erb___2670395485371508171_70166105133000'
  Rendering /Users/admin/.rbenv/versions/2.2.3/lib/ruby/gems/2.2.0/gems/actionpack-5.0.0/lib/action_dispatch/middleware/templates/rescues/template_error.html.erb within rescues/layout
  Rendering /Users/admin/.rbenv/versions/2.2.3/lib/ruby/gems/2.2.0/gems/actionpack-5.0.0/lib/action_dispatch/middleware/templates/rescues/_source.html.erb
  Rendered /Users/admin/.rbenv/versions/2.2.3/lib/ruby/gems/2.2.0/gems/actionpack-5.0.0/lib/action_dispatch/middleware/templates/rescues/_source.html.erb (10.2ms)
  Rendering /Users/admin/.rbenv/versions/2.2.3/lib/ruby/gems/2.2.0/gems/actionpack-5.0.0/lib/action_dispatch/middleware/templates/rescues/_trace.html.erb
  Rendered /Users/admin/.rbenv/versions/2.2.3/lib/ruby/gems/2.2.0/gems/actionpack-5.0.0/lib/action_dispatch/middleware/templates/rescues/_trace.html.erb (3.2ms)
  Rendering /Users/admin/.rbenv/versions/2.2.3/lib/ruby/gems/2.2.0/gems/actionpack-5.0.0/lib/action_dispatch/middleware/templates/rescues/_request_and_response.html.erb
  Rendered /Users/admin/.rbenv/versions/2.2.3/lib/ruby/gems/2.2.0/gems/actionpack-5.0.0/lib/action_dispatch/middleware/templates/rescues/_request_and_response.html.erb (0.7ms)
  Rendered /Users/admin/.rbenv/versions/2.2.3/lib/ruby/gems/2.2.0/gems/actionpack-5.0.0/lib/action_dispatch/middleware/templates/rescues/template_error.html.erb within rescues/layout (66.2ms)
Started GET "/" for 127.0.0.1 at 2017-01-14 14:24:55 +1300
Processing by StaticPagesController#home as HTML
  Rendering static_pages/home.html.erb within layouts/application
  Rendered static_pages/home.html.erb within layouts/application (0.4ms)
Completed 500 Internal Server Error in 11ms (ActiveRecord: 0.0ms)


  
ActionView::Template::Error (couldn't find file 'bootstrap-sprockets' with type 'application/javascript'
Checked in these paths: 
  /Users/admin/Documents/ruby/open_home/app/assets/images
  /Users/admin/Documents/ruby/open_home/app/assets/javascripts
  /Users/admin/Documents/ruby/open_home/app/assets/stylesheets
  /Users/admin/Documents/ruby/open_home/vendor/assets/javascripts
  /Users/admin/Documents/ruby/open_home/vendor/assets/stylesheets
  /Users/admin/.rbenv/versions/2.2.3/lib/ruby/gems/2.2.0/gems/jquery-rails-4.2.2/vendor/assets/javascripts
  /Users/admin/.rbenv/versions/2.2.3/lib/ruby/gems/2.2.0/gems/actioncable-5.0.0/lib/assets/compiled
  /Users/admin/.rbenv/versions/2.2.3/lib/ruby/gems/2.2.0/gems/turbolinks-source-5.0.0/lib/assets/javascripts):
    2: <html>
    3: <head>
    4:   <title>OpenHome</title>
    5:   <%= stylesheet_link_tag    'application', media: 'all', 'data-turbolinks-track' => true %>
    6:   <%= javascript_include_tag 'application', 'data-turbolinks-track' => true %>
    7:   <meta name="viewport" content="width=device-width, initial-scale=1.0" />
    8:   <%= csrf_meta_tags %>
  
app/assets/javascripts/application.js:17
app/views/layouts/application.html.erb:5:in `_app_views_layouts_application_html_erb___2670395485371508171_70166093665880'
  Rendering /Users/admin/.rbenv/versions/2.2.3/lib/ruby/gems/2.2.0/gems/actionpack-5.0.0/lib/action_dispatch/middleware/templates/rescues/template_error.html.erb within rescues/layout
  Rendering /Users/admin/.rbenv/versions/2.2.3/lib/ruby/gems/2.2.0/gems/actionpack-5.0.0/lib/action_dispatch/middleware/templates/rescues/_source.html.erb
  Rendered /Users/admin/.rbenv/versions/2.2.3/lib/ruby/gems/2.2.0/gems/actionpack-5.0.0/lib/action_dispatch/middleware/templates/rescues/_source.html.erb (12.9ms)
  Rendering /Users/admin/.rbenv/versions/2.2.3/lib/ruby/gems/2.2.0/gems/actionpack-5.0.0/lib/action_dispatch/middleware/templates/rescues/_trace.html.erb
  Rendered /Users/admin/.rbenv/versions/2.2.3/lib/ruby/gems/2.2.0/gems/actionpack-5.0.0/lib/action_dispatch/middleware/templates/rescues/_trace.html.erb (3.8ms)
  Rendering /Users/admin/.rbenv/versions/2.2.3/lib/ruby/gems/2.2.0/gems/actionpack-5.0.0/lib/action_dispatch/middleware/templates/rescues/_request_and_response.html.erb
  Rendered /Users/admin/.rbenv/versions/2.2.3/lib/ruby/gems/2.2.0/gems/actionpack-5.0.0/lib/action_dispatch/middleware/templates/rescues/_request_and_response.html.erb (0.7ms)
  Rendered /Users/admin/.rbenv/versions/2.2.3/lib/ruby/gems/2.2.0/gems/actionpack-5.0.0/lib/action_dispatch/middleware/templates/rescues/template_error.html.erb within rescues/layout (71.5ms)
Started GET "/" for 127.0.0.1 at 2017-01-14 14:25:33 +1300
Processing by StaticPagesController#home as HTML
  Rendering static_pages/home.html.erb within layouts/application
  Rendered static_pages/home.html.erb within layouts/application (0.3ms)
Completed 500 Internal Server Error in 11ms (ActiveRecord: 0.0ms)


  
ActionView::Template::Error (couldn't find file 'bootstrap-sprockets' with type 'application/javascript'
Checked in these paths: 
  /Users/admin/Documents/ruby/open_home/app/assets/images
  /Users/admin/Documents/ruby/open_home/app/assets/javascripts
  /Users/admin/Documents/ruby/open_home/app/assets/stylesheets
  /Users/admin/Documents/ruby/open_home/vendor/assets/javascripts
  /Users/admin/Documents/ruby/open_home/vendor/assets/stylesheets
  /Users/admin/.rbenv/versions/2.2.3/lib/ruby/gems/2.2.0/gems/jquery-rails-4.2.2/vendor/assets/javascripts
  /Users/admin/.rbenv/versions/2.2.3/lib/ruby/gems/2.2.0/gems/actioncable-5.0.0/lib/assets/compiled
  /Users/admin/.rbenv/versions/2.2.3/lib/ruby/gems/2.2.0/gems/turbolinks-source-5.0.0/lib/assets/javascripts):
    2: <html>
    3: <head>
    4:   <title>OpenHome</title>
    5:   <%= stylesheet_link_tag    'application', media: 'all', 'data-turbolinks-track' => true %>
    6:   <%= javascript_include_tag 'application', 'data-turbolinks-track' => true %>
    7:   <meta name="viewport" content="width=device-width, initial-scale=1.0" />
    8:   <%= csrf_meta_tags %>
  
app/assets/javascripts/application.js:17
app/views/layouts/application.html.erb:5:in `_app_views_layouts_application_html_erb___2670395485371508171_70166024906160'
  Rendering /Users/admin/.rbenv/versions/2.2.3/lib/ruby/gems/2.2.0/gems/actionpack-5.0.0/lib/action_dispatch/middleware/templates/rescues/template_error.html.erb within rescues/layout
  Rendering /Users/admin/.rbenv/versions/2.2.3/lib/ruby/gems/2.2.0/gems/actionpack-5.0.0/lib/action_dispatch/middleware/templates/rescues/_source.html.erb
  Rendered /Users/admin/.rbenv/versions/2.2.3/lib/ruby/gems/2.2.0/gems/actionpack-5.0.0/lib/action_dispatch/middleware/templates/rescues/_source.html.erb (8.4ms)
  Rendering /Users/admin/.rbenv/versions/2.2.3/lib/ruby/gems/2.2.0/gems/actionpack-5.0.0/lib/action_dispatch/middleware/templates/rescues/_trace.html.erb
  Rendered /Users/admin/.rbenv/versions/2.2.3/lib/ruby/gems/2.2.0/gems/actionpack-5.0.0/lib/action_dispatch/middleware/templates/rescues/_trace.html.erb (4.4ms)
  Rendering /Users/admin/.rbenv/versions/2.2.3/lib/ruby/gems/2.2.0/gems/actionpack-5.0.0/lib/action_dispatch/middleware/templates/rescues/_request_and_response.html.erb
  Rendered /Users/admin/.rbenv/versions/2.2.3/lib/ruby/gems/2.2.0/gems/actionpack-5.0.0/lib/action_dispatch/middleware/templates/rescues/_request_and_response.html.erb (0.8ms)
  Rendered /Users/admin/.rbenv/versions/2.2.3/lib/ruby/gems/2.2.0/gems/actionpack-5.0.0/lib/action_dispatch/middleware/templates/rescues/template_error.html.erb within rescues/layout (69.8ms)
Started GET "/" for 127.0.0.1 at 2017-01-14 14:25:44 +1300
Processing by StaticPagesController#home as HTML
  Rendering static_pages/home.html.erb within layouts/application
  Rendered static_pages/home.html.erb within layouts/application (0.4ms)
Completed 200 OK in 80ms (Views: 78.8ms | ActiveRecord: 0.0ms)


Started GET "/" for 127.0.0.1 at 2017-01-14 14:29:06 +1300
Processing by StaticPagesController#home as HTML
  Rendering static_pages/home.html.erb within layouts/application
  Rendered static_pages/home.html.erb within layouts/application (0.3ms)
Completed 200 OK in 17ms (Views: 15.1ms | ActiveRecord: 0.0ms)


Started GET "/" for 127.0.0.1 at 2017-01-14 14:29:26 +1300
Processing by StaticPagesController#home as HTML
  Rendering static_pages/home.html.erb within layouts/application
  Rendered static_pages/home.html.erb within layouts/application (0.3ms)
Completed 500 Internal Server Error in 20ms (ActiveRecord: 0.0ms)


  
ActionView::Template::Error (Missing partial static_pages/_navigation, application/_navigation with {:locale=>[:en], :formats=>[:html], :variants=>[], :handlers=>[:raw, :erb, :html, :builder, :ruby, :jbuilder]}. Searched in:
  * "/Users/admin/Documents/ruby/open_home/app/views"
):
     9: </head>
    10: <body>
    11: 
    12: <% render "navigation" %>
    13: 
    14: 
    15: <%= yield %>
  
app/views/layouts/application.html.erb:12:in `_app_views_layouts_application_html_erb___2670395485371508171_70166028196700'
  Rendering /Users/admin/.rbenv/versions/2.2.3/lib/ruby/gems/2.2.0/gems/actionpack-5.0.0/lib/action_dispatch/middleware/templates/rescues/template_error.html.erb within rescues/layout
  Rendering /Users/admin/.rbenv/versions/2.2.3/lib/ruby/gems/2.2.0/gems/actionpack-5.0.0/lib/action_dispatch/middleware/templates/rescues/_source.html.erb
  Rendered /Users/admin/.rbenv/versions/2.2.3/lib/ruby/gems/2.2.0/gems/actionpack-5.0.0/lib/action_dispatch/middleware/templates/rescues/_source.html.erb (4.3ms)
  Rendering /Users/admin/.rbenv/versions/2.2.3/lib/ruby/gems/2.2.0/gems/actionpack-5.0.0/lib/action_dispatch/middleware/templates/rescues/_trace.html.erb
  Rendered /Users/admin/.rbenv/versions/2.2.3/lib/ruby/gems/2.2.0/gems/actionpack-5.0.0/lib/action_dispatch/middleware/templates/rescues/_trace.html.erb (2.3ms)
  Rendering /Users/admin/.rbenv/versions/2.2.3/lib/ruby/gems/2.2.0/gems/actionpack-5.0.0/lib/action_dispatch/middleware/templates/rescues/_request_and_response.html.erb
  Rendered /Users/admin/.rbenv/versions/2.2.3/lib/ruby/gems/2.2.0/gems/actionpack-5.0.0/lib/action_dispatch/middleware/templates/rescues/_request_and_response.html.erb (0.7ms)
  Rendered /Users/admin/.rbenv/versions/2.2.3/lib/ruby/gems/2.2.0/gems/actionpack-5.0.0/lib/action_dispatch/middleware/templates/rescues/template_error.html.erb within rescues/layout (59.7ms)
Started GET "/" for 127.0.0.1 at 2017-01-14 14:29:41 +1300
Processing by StaticPagesController#home as HTML
  Rendering static_pages/home.html.erb within layouts/application
  Rendered static_pages/home.html.erb within layouts/application (0.3ms)
Completed 500 Internal Server Error in 29ms (ActiveRecord: 0.0ms)


  
ActionView::Template::Error (Missing partial static_pages/_navigation, application/_navigation with {:locale=>[:en], :formats=>[:html], :variants=>[], :handlers=>[:raw, :erb, :html, :builder, :ruby, :jbuilder]}. Searched in:
  * "/Users/admin/Documents/ruby/open_home/app/views"
):
     9: </head>
    10: <body>
    11: 
    12: <% render "navigation" %>
    13: 
    14: 
    15: <%= yield %>
  
app/views/layouts/application.html.erb:12:in `_app_views_layouts_application_html_erb___2670395485371508171_70166024413640'
  Rendering /Users/admin/.rbenv/versions/2.2.3/lib/ruby/gems/2.2.0/gems/actionpack-5.0.0/lib/action_dispatch/middleware/templates/rescues/template_error.html.erb within rescues/layout
  Rendering /Users/admin/.rbenv/versions/2.2.3/lib/ruby/gems/2.2.0/gems/actionpack-5.0.0/lib/action_dispatch/middleware/templates/rescues/_source.html.erb
  Rendered /Users/admin/.rbenv/versions/2.2.3/lib/ruby/gems/2.2.0/gems/actionpack-5.0.0/lib/action_dispatch/middleware/templates/rescues/_source.html.erb (5.2ms)
  Rendering /Users/admin/.rbenv/versions/2.2.3/lib/ruby/gems/2.2.0/gems/actionpack-5.0.0/lib/action_dispatch/middleware/templates/rescues/_trace.html.erb
  Rendered /Users/admin/.rbenv/versions/2.2.3/lib/ruby/gems/2.2.0/gems/actionpack-5.0.0/lib/action_dispatch/middleware/templates/rescues/_trace.html.erb (2.1ms)
  Rendering /Users/admin/.rbenv/versions/2.2.3/lib/ruby/gems/2.2.0/gems/actionpack-5.0.0/lib/action_dispatch/middleware/templates/rescues/_request_and_response.html.erb
  Rendered /Users/admin/.rbenv/versions/2.2.3/lib/ruby/gems/2.2.0/gems/actionpack-5.0.0/lib/action_dispatch/middleware/templates/rescues/_request_and_response.html.erb (0.8ms)
  Rendered /Users/admin/.rbenv/versions/2.2.3/lib/ruby/gems/2.2.0/gems/actionpack-5.0.0/lib/action_dispatch/middleware/templates/rescues/template_error.html.erb within rescues/layout (64.5ms)
Started GET "/" for 127.0.0.1 at 2017-01-14 14:31:01 +1300
Processing by StaticPagesController#home as HTML
  Rendering static_pages/home.html.erb within layouts/application
  Rendered static_pages/home.html.erb within layouts/application (0.3ms)
  Rendered shared/_navigation.html (0.3ms)
Completed 200 OK in 18ms (Views: 16.8ms | ActiveRecord: 0.0ms)


Started GET "/" for 127.0.0.1 at 2017-01-14 14:34:15 +1300
Processing by StaticPagesController#home as HTML
  Rendering static_pages/home.html.erb within layouts/application
  Rendered static_pages/home.html.erb within layouts/application (0.3ms)
  Rendered shared/_navigation.html (0.4ms)
Completed 200 OK in 140ms (Views: 139.1ms | ActiveRecord: 0.0ms)


Started GET "/assets/bootstrap.self-ce4ff876691504f0f28b3c9bae0e691c640bbc9e2c4aa6dc2fe9fe0fe7e9bb1b.css?body=1" for 127.0.0.1 at 2017-01-14 14:34:15 +1300
Started GET "/assets/bootstrap.min.self-511807f34f490c5d04f397a2ad4fc4a9135fcb5300f3dd5cb88f1cf678357cf3.css?body=1" for 127.0.0.1 at 2017-01-14 14:34:15 +1300
Started GET "/assets/properties.self-b60acab5af8d245ed2b3012f77d11d8d207d8eada27756badaf4ef05770d60f6.css?body=1" for 127.0.0.1 at 2017-01-14 14:34:15 +1300
Started GET "/assets/static_pages.self-b60acab5af8d245ed2b3012f77d11d8d207d8eada27756badaf4ef05770d60f6.css?body=1" for 127.0.0.1 at 2017-01-14 14:34:15 +1300
Started GET "/assets/scaffold.self-f87869baadacf2097cd85c60bf8679819cf7c448b74b7458a3e8c392eceb33be.css?body=1" for 127.0.0.1 at 2017-01-14 14:34:15 +1300
Started GET "/assets/application.self-95c290add38fb427f3b8786a42fb99ba17da380b4f5bcc787b1e35f26c5d5f9d.css?body=1" for 127.0.0.1 at 2017-01-14 14:34:15 +1300
Started GET "/assets/jquery_ujs.self-784a997f6726036b1993eb2217c9cb558e1cbb801c6da88105588c56f13b466a.js?body=1" for 127.0.0.1 at 2017-01-14 14:34:15 +1300
Started GET "/assets/jquery.self-bd7ddd393353a8d2480a622e80342adf488fb6006d667e8b42e4c0073393abee.js?body=1" for 127.0.0.1 at 2017-01-14 14:34:15 +1300
Started GET "/assets/bootstrap.self-b38817c3e3a3049abb1fc08dd6ae448b23330f8453226efdb074710209474f75.js?body=1" for 127.0.0.1 at 2017-01-14 14:34:15 +1300
Started GET "/assets/properties.self-19a187bec6cdb96d6de80a61c16c857c613536adf9138476bd367db38d282635.js?body=1" for 127.0.0.1 at 2017-01-14 14:34:15 +1300
Started GET "/assets/bootstrap.min.self-504d59678f10d79a661b6cecdce5b8c1d5bfd98e860614584c0a40399552d61f.js?body=1" for 127.0.0.1 at 2017-01-14 14:34:15 +1300
Started GET "/assets/turbolinks.self-c5acd7a204f5f25ce7a1d8a0e4d92e28d34c9e2df2c7371cd7af88e147e4ad82.js?body=1" for 127.0.0.1 at 2017-01-14 14:34:15 +1300
Started GET "/assets/static_pages.self-19a187bec6cdb96d6de80a61c16c857c613536adf9138476bd367db38d282635.js?body=1" for 127.0.0.1 at 2017-01-14 14:34:15 +1300
Started GET "/assets/application.self-120f3cf1cb67bea53c4a2a57336b34ca04b04b55a55c38cf76ce20a147e5eff9.js?body=1" for 127.0.0.1 at 2017-01-14 14:34:15 +1300
Started GET "/" for 127.0.0.1 at 2017-01-14 14:35:12 +1300
Processing by StaticPagesController#home as HTML
  Rendering static_pages/home.html.erb within layouts/application
  Rendered static_pages/home.html.erb within layouts/application (0.3ms)
  Rendered shared/_navigation.html (0.3ms)
Completed 200 OK in 20ms (Views: 18.2ms | ActiveRecord: 0.0ms)


Started GET "/" for 127.0.0.1 at 2017-01-14 14:36:13 +1300
Processing by StaticPagesController#home as HTML
  Rendering static_pages/home.html.erb within layouts/application
  Rendered static_pages/home.html.erb within layouts/application (0.3ms)
  Rendered shared/_navigation.html (0.2ms)
Completed 200 OK in 29ms (Views: 27.3ms | ActiveRecord: 0.0ms)


Started GET "/" for 127.0.0.1 at 2017-01-14 14:36:29 +1300
Processing by StaticPagesController#home as HTML
  Rendering static_pages/home.html.erb within layouts/application
  Rendered static_pages/home.html.erb within layouts/application (0.3ms)
  Rendered shared/_navigation.html (0.3ms)
Completed 200 OK in 25ms (Views: 23.6ms | ActiveRecord: 0.0ms)


Started GET "/" for 127.0.0.1 at 2017-01-14 14:38:25 +1300
Processing by StaticPagesController#home as HTML
  Rendering static_pages/home.html.erb within layouts/application
  Rendered static_pages/home.html.erb within layouts/application (0.4ms)
  Rendered shared/_navigation.html (0.2ms)
Completed 200 OK in 22ms (Views: 20.2ms | ActiveRecord: 0.0ms)


Started GET "/" for 127.0.0.1 at 2017-01-14 14:38:27 +1300
Processing by StaticPagesController#home as HTML
  Rendering static_pages/home.html.erb within layouts/application
  Rendered static_pages/home.html.erb within layouts/application (0.4ms)
  Rendered shared/_navigation.html (0.3ms)
Completed 200 OK in 24ms (Views: 22.6ms | ActiveRecord: 0.0ms)


Started GET "/" for 127.0.0.1 at 2017-01-14 14:38:28 +1300
Processing by StaticPagesController#home as HTML
  Rendering static_pages/home.html.erb within layouts/application
  Rendered static_pages/home.html.erb within layouts/application (0.4ms)
  Rendered shared/_navigation.html (0.6ms)
Completed 200 OK in 29ms (Views: 26.9ms | ActiveRecord: 0.0ms)


Started GET "/" for 127.0.0.1 at 2017-01-14 14:38:29 +1300
Processing by StaticPagesController#home as HTML
  Rendering static_pages/home.html.erb within layouts/application
  Rendered static_pages/home.html.erb within layouts/application (0.4ms)
  Rendered shared/_navigation.html (0.3ms)
Completed 200 OK in 29ms (Views: 27.9ms | ActiveRecord: 0.0ms)


Started GET "/" for 127.0.0.1 at 2017-01-14 14:38:30 +1300
Processing by StaticPagesController#home as HTML
  Rendering static_pages/home.html.erb within layouts/application
  Rendered static_pages/home.html.erb within layouts/application (0.4ms)
  Rendered shared/_navigation.html (0.3ms)
Completed 200 OK in 32ms (Views: 30.5ms | ActiveRecord: 0.0ms)


Started GET "/" for 127.0.0.1 at 2017-01-14 14:38:30 +1300
Processing by StaticPagesController#home as HTML
  Rendering static_pages/home.html.erb within layouts/application
  Rendered static_pages/home.html.erb within layouts/application (0.3ms)
  Rendered shared/_navigation.html (0.4ms)
Completed 200 OK in 31ms (Views: 29.0ms | ActiveRecord: 0.0ms)


Started GET "/" for 127.0.0.1 at 2017-01-14 14:38:37 +1300
Processing by StaticPagesController#home as HTML
  Rendering static_pages/home.html.erb within layouts/application
  Rendered static_pages/home.html.erb within layouts/application (0.6ms)
  Rendered shared/_navigation.html (0.2ms)
Completed 200 OK in 27ms (Views: 25.3ms | ActiveRecord: 0.0ms)


Started GET "/assets/bootstrap.self-ce4ff876691504f0f28b3c9bae0e691c640bbc9e2c4aa6dc2fe9fe0fe7e9bb1b.css?body=1" for 127.0.0.1 at 2017-01-14 14:38:37 +1300
Started GET "/assets/scaffold.self-f87869baadacf2097cd85c60bf8679819cf7c448b74b7458a3e8c392eceb33be.css?body=1" for 127.0.0.1 at 2017-01-14 14:38:37 +1300
Started GET "/assets/bootstrap.min.self-511807f34f490c5d04f397a2ad4fc4a9135fcb5300f3dd5cb88f1cf678357cf3.css?body=1" for 127.0.0.1 at 2017-01-14 14:38:37 +1300
Started GET "/assets/properties.self-b60acab5af8d245ed2b3012f77d11d8d207d8eada27756badaf4ef05770d60f6.css?body=1" for 127.0.0.1 at 2017-01-14 14:38:37 +1300
Started GET "/assets/static_pages.self-b60acab5af8d245ed2b3012f77d11d8d207d8eada27756badaf4ef05770d60f6.css?body=1" for 127.0.0.1 at 2017-01-14 14:38:37 +1300
Started GET "/assets/application.self-95c290add38fb427f3b8786a42fb99ba17da380b4f5bcc787b1e35f26c5d5f9d.css?body=1" for 127.0.0.1 at 2017-01-14 14:38:37 +1300
Started GET "/assets/jquery.self-bd7ddd393353a8d2480a622e80342adf488fb6006d667e8b42e4c0073393abee.js?body=1" for 127.0.0.1 at 2017-01-14 14:38:37 +1300
Started GET "/assets/jquery_ujs.self-784a997f6726036b1993eb2217c9cb558e1cbb801c6da88105588c56f13b466a.js?body=1" for 127.0.0.1 at 2017-01-14 14:38:37 +1300
Started GET "/assets/turbolinks.self-c5acd7a204f5f25ce7a1d8a0e4d92e28d34c9e2df2c7371cd7af88e147e4ad82.js?body=1" for 127.0.0.1 at 2017-01-14 14:38:37 +1300
Started GET "/assets/bootstrap.self-b38817c3e3a3049abb1fc08dd6ae448b23330f8453226efdb074710209474f75.js?body=1" for 127.0.0.1 at 2017-01-14 14:38:37 +1300
Started GET "/assets/bootstrap.min.self-504d59678f10d79a661b6cecdce5b8c1d5bfd98e860614584c0a40399552d61f.js?body=1" for 127.0.0.1 at 2017-01-14 14:38:37 +1300
Started GET "/assets/properties.self-19a187bec6cdb96d6de80a61c16c857c613536adf9138476bd367db38d282635.js?body=1" for 127.0.0.1 at 2017-01-14 14:38:37 +1300
Started GET "/assets/static_pages.self-19a187bec6cdb96d6de80a61c16c857c613536adf9138476bd367db38d282635.js?body=1" for 127.0.0.1 at 2017-01-14 14:38:37 +1300
Started GET "/assets/application.self-120f3cf1cb67bea53c4a2a57336b34ca04b04b55a55c38cf76ce20a147e5eff9.js?body=1" for 127.0.0.1 at 2017-01-14 14:38:37 +1300
Started GET "/" for 127.0.0.1 at 2017-01-14 14:40:34 +1300
Processing by StaticPagesController#home as HTML
  Rendering static_pages/home.html.erb within layouts/application
  Rendered static_pages/home.html.erb within layouts/application (0.4ms)
  Rendered shared/_navigation.html (0.3ms)
Completed 200 OK in 28ms (Views: 27.0ms | ActiveRecord: 0.0ms)


Started GET "/" for 127.0.0.1 at 2017-01-14 14:40:44 +1300
Processing by StaticPagesController#home as HTML
  Rendering static_pages/home.html.erb within layouts/application
  Rendered static_pages/home.html.erb within layouts/application (0.3ms)
  Rendered shared/_navigation.html (0.2ms)
Completed 200 OK in 22ms (Views: 19.8ms | ActiveRecord: 0.0ms)


Started GET "/" for 127.0.0.1 at 2017-01-14 14:42:07 +1300
Processing by StaticPagesController#home as HTML
  Rendering static_pages/home.html.erb within layouts/application
  Rendered static_pages/home.html.erb within layouts/application (0.4ms)
Completed 500 Internal Server Error in 23ms (ActiveRecord: 0.0ms)


  
ActionView::Template::Error (Missing partial shared/_navigation with {:locale=>[:en], :formats=>[:html], :variants=>[], :handlers=>[:raw, :erb, :html, :builder, :ruby, :jbuilder]}. Searched in:
  * "/Users/admin/Documents/ruby/open_home/app/views"
):
     9: </head>
    10: <body>
    11: 
    12: <%= render "shared/navigation" %>
    13: 
    14: <div class="container">
    15:   <%= yield %>
  
app/views/layouts/application.html.erb:12:in `_app_views_layouts_application_html_erb___2670395485371508171_70166092400580'
  Rendering /Users/admin/.rbenv/versions/2.2.3/lib/ruby/gems/2.2.0/gems/actionpack-5.0.0/lib/action_dispatch/middleware/templates/rescues/template_error.html.erb within rescues/layout
  Rendering /Users/admin/.rbenv/versions/2.2.3/lib/ruby/gems/2.2.0/gems/actionpack-5.0.0/lib/action_dispatch/middleware/templates/rescues/_source.html.erb
  Rendered /Users/admin/.rbenv/versions/2.2.3/lib/ruby/gems/2.2.0/gems/actionpack-5.0.0/lib/action_dispatch/middleware/templates/rescues/_source.html.erb (6.0ms)
  Rendering /Users/admin/.rbenv/versions/2.2.3/lib/ruby/gems/2.2.0/gems/actionpack-5.0.0/lib/action_dispatch/middleware/templates/rescues/_trace.html.erb
  Rendered /Users/admin/.rbenv/versions/2.2.3/lib/ruby/gems/2.2.0/gems/actionpack-5.0.0/lib/action_dispatch/middleware/templates/rescues/_trace.html.erb (3.0ms)
  Rendering /Users/admin/.rbenv/versions/2.2.3/lib/ruby/gems/2.2.0/gems/actionpack-5.0.0/lib/action_dispatch/middleware/templates/rescues/_request_and_response.html.erb
  Rendered /Users/admin/.rbenv/versions/2.2.3/lib/ruby/gems/2.2.0/gems/actionpack-5.0.0/lib/action_dispatch/middleware/templates/rescues/_request_and_response.html.erb (0.7ms)
  Rendered /Users/admin/.rbenv/versions/2.2.3/lib/ruby/gems/2.2.0/gems/actionpack-5.0.0/lib/action_dispatch/middleware/templates/rescues/template_error.html.erb within rescues/layout (62.2ms)
Started GET "/" for 127.0.0.1 at 2017-01-14 14:42:21 +1300
Processing by StaticPagesController#home as HTML
  Rendering static_pages/home.html.erb within layouts/application
  Rendered static_pages/home.html.erb within layouts/application (0.3ms)
Completed 500 Internal Server Error in 20ms (ActiveRecord: 0.0ms)


  
ActionView::Template::Error (Missing partial shared/_navigation with {:locale=>[:en], :formats=>[:html], :variants=>[], :handlers=>[:raw, :erb, :html, :builder, :ruby, :jbuilder]}. Searched in:
  * "/Users/admin/Documents/ruby/open_home/app/views"
):
     9: </head>
    10: <body>
    11: 
    12: <%= render "shared/navigation" %>
    13: 
    14: <div class="container">
    15:   <%= yield %>
  
app/views/layouts/application.html.erb:12:in `_app_views_layouts_application_html_erb___2670395485371508171_70166073204160'
  Rendering /Users/admin/.rbenv/versions/2.2.3/lib/ruby/gems/2.2.0/gems/actionpack-5.0.0/lib/action_dispatch/middleware/templates/rescues/template_error.html.erb within rescues/layout
  Rendering /Users/admin/.rbenv/versions/2.2.3/lib/ruby/gems/2.2.0/gems/actionpack-5.0.0/lib/action_dispatch/middleware/templates/rescues/_source.html.erb
  Rendered /Users/admin/.rbenv/versions/2.2.3/lib/ruby/gems/2.2.0/gems/actionpack-5.0.0/lib/action_dispatch/middleware/templates/rescues/_source.html.erb (5.1ms)
  Rendering /Users/admin/.rbenv/versions/2.2.3/lib/ruby/gems/2.2.0/gems/actionpack-5.0.0/lib/action_dispatch/middleware/templates/rescues/_trace.html.erb
  Rendered /Users/admin/.rbenv/versions/2.2.3/lib/ruby/gems/2.2.0/gems/actionpack-5.0.0/lib/action_dispatch/middleware/templates/rescues/_trace.html.erb (2.4ms)
  Rendering /Users/admin/.rbenv/versions/2.2.3/lib/ruby/gems/2.2.0/gems/actionpack-5.0.0/lib/action_dispatch/middleware/templates/rescues/_request_and_response.html.erb
  Rendered /Users/admin/.rbenv/versions/2.2.3/lib/ruby/gems/2.2.0/gems/actionpack-5.0.0/lib/action_dispatch/middleware/templates/rescues/_request_and_response.html.erb (0.7ms)
  Rendered /Users/admin/.rbenv/versions/2.2.3/lib/ruby/gems/2.2.0/gems/actionpack-5.0.0/lib/action_dispatch/middleware/templates/rescues/template_error.html.erb within rescues/layout (59.6ms)
Started GET "/" for 127.0.0.1 at 2017-01-14 14:42:38 +1300
Processing by StaticPagesController#home as HTML
  Rendering static_pages/home.html.erb within layouts/application
  Rendered static_pages/home.html.erb within layouts/application (0.3ms)
  Rendered shared/_navigation.html (0.3ms)
Completed 200 OK in 20ms (Views: 18.6ms | ActiveRecord: 0.0ms)


Started GET "/" for 127.0.0.1 at 2017-01-14 14:43:42 +1300
Processing by StaticPagesController#home as HTML
  Rendering static_pages/home.html.erb within layouts/application
  Rendered static_pages/home.html.erb within layouts/application (0.5ms)
  Rendered shared/_navigation.html (0.2ms)
Completed 200 OK in 21ms (Views: 19.6ms | ActiveRecord: 0.0ms)


Started GET "/" for 127.0.0.1 at 2017-01-14 14:43:43 +1300
Processing by StaticPagesController#home as HTML
  Rendering static_pages/home.html.erb within layouts/application
  Rendered static_pages/home.html.erb within layouts/application (0.3ms)
  Rendered shared/_navigation.html (0.2ms)
Completed 200 OK in 20ms (Views: 18.8ms | ActiveRecord: 0.0ms)


Started GET "/properties" for 127.0.0.1 at 2017-01-14 14:43:44 +1300
Processing by PropertiesController#index as HTML
  Rendering properties/index.html.erb within layouts/application
  [1m[36mProperty Load (0.3ms)[0m  [1m[34mSELECT `properties`.* FROM `properties`[0m
  Rendered properties/index.html.erb within layouts/application (2.7ms)
  Rendered shared/_navigation.html (0.5ms)
Completed 200 OK in 27ms (Views: 22.2ms | ActiveRecord: 0.6ms)


Started GET "/properties" for 127.0.0.1 at 2017-01-14 14:43:48 +1300
Processing by PropertiesController#index as HTML
  Rendering properties/index.html.erb within layouts/application
  [1m[36mProperty Load (0.4ms)[0m  [1m[34mSELECT `properties`.* FROM `properties`[0m
  Rendered properties/index.html.erb within layouts/application (1.5ms)
  Rendered shared/_navigation.html (0.2ms)
Completed 200 OK in 22ms (Views: 19.5ms | ActiveRecord: 0.4ms)


Started GET "/properties" for 127.0.0.1 at 2017-01-14 14:43:49 +1300
Processing by PropertiesController#index as HTML
  Rendering properties/index.html.erb within layouts/application
  [1m[36mProperty Load (0.3ms)[0m  [1m[34mSELECT `properties`.* FROM `properties`[0m
  Rendered properties/index.html.erb within layouts/application (1.9ms)
  Rendered shared/_navigation.html (0.3ms)
Completed 200 OK in 24ms (Views: 22.2ms | ActiveRecord: 0.3ms)


Started GET "/properties" for 127.0.0.1 at 2017-01-14 14:43:58 +1300
Processing by PropertiesController#index as HTML
  Rendering properties/index.html.erb within layouts/application
  [1m[36mProperty Load (0.3ms)[0m  [1m[34mSELECT `properties`.* FROM `properties`[0m
  Rendered properties/index.html.erb within layouts/application (1.6ms)
  Rendered shared/_navigation.html (0.3ms)
Completed 200 OK in 23ms (Views: 20.2ms | ActiveRecord: 0.3ms)


Started GET "/" for 127.0.0.1 at 2017-01-14 14:43:59 +1300
Processing by StaticPagesController#home as HTML
  Rendering static_pages/home.html.erb within layouts/application
  Rendered static_pages/home.html.erb within layouts/application (0.3ms)
  Rendered shared/_navigation.html (0.5ms)
Completed 200 OK in 24ms (Views: 22.8ms | ActiveRecord: 0.0ms)


Started GET "/" for 127.0.0.1 at 2017-01-14 14:44:03 +1300
Processing by StaticPagesController#home as HTML
  Rendering static_pages/home.html.erb within layouts/application
  Rendered static_pages/home.html.erb within layouts/application (0.6ms)
  Rendered shared/_navigation.html (0.3ms)
Completed 200 OK in 23ms (Views: 21.6ms | ActiveRecord: 0.0ms)


Started GET "/properties" for 127.0.0.1 at 2017-01-14 14:44:04 +1300
Processing by PropertiesController#index as HTML
  Rendering properties/index.html.erb within layouts/application
  [1m[36mProperty Load (0.3ms)[0m  [1m[34mSELECT `properties`.* FROM `properties`[0m
  Rendered properties/index.html.erb within layouts/application (1.4ms)
  Rendered shared/_navigation.html (0.3ms)
Completed 200 OK in 32ms (Views: 30.7ms | ActiveRecord: 0.3ms)


Started GET "/" for 127.0.0.1 at 2017-01-14 14:44:05 +1300
Processing by StaticPagesController#home as HTML
  Rendering static_pages/home.html.erb within layouts/application
  Rendered static_pages/home.html.erb within layouts/application (0.4ms)
  Rendered shared/_navigation.html (0.3ms)
Completed 200 OK in 23ms (Views: 21.8ms | ActiveRecord: 0.0ms)


Started GET "/" for 127.0.0.1 at 2017-01-14 14:44:05 +1300
Processing by StaticPagesController#home as HTML
  Rendering static_pages/home.html.erb within layouts/application
  Rendered static_pages/home.html.erb within layouts/application (0.6ms)
  Rendered shared/_navigation.html (0.4ms)
Completed 200 OK in 24ms (Views: 22.5ms | ActiveRecord: 0.0ms)


Started GET "/" for 127.0.0.1 at 2017-01-14 14:44:06 +1300
Processing by StaticPagesController#home as HTML
  Rendering static_pages/home.html.erb within layouts/application
  Rendered static_pages/home.html.erb within layouts/application (0.3ms)
  Rendered shared/_navigation.html (0.4ms)
Completed 200 OK in 25ms (Views: 23.1ms | ActiveRecord: 0.0ms)


Started GET "/properties" for 127.0.0.1 at 2017-01-14 14:44:06 +1300
Processing by PropertiesController#index as HTML
  Rendering properties/index.html.erb within layouts/application
  [1m[36mProperty Load (0.3ms)[0m  [1m[34mSELECT `properties`.* FROM `properties`[0m
  Rendered properties/index.html.erb within layouts/application (1.5ms)
  Rendered shared/_navigation.html (0.3ms)
Completed 200 OK in 22ms (Views: 19.9ms | ActiveRecord: 0.3ms)


Started GET "/properties" for 127.0.0.1 at 2017-01-14 14:44:07 +1300
Processing by PropertiesController#index as HTML
  Rendering properties/index.html.erb within layouts/application
  [1m[36mProperty Load (0.3ms)[0m  [1m[34mSELECT `properties`.* FROM `properties`[0m
  Rendered properties/index.html.erb within layouts/application (1.4ms)
  Rendered shared/_navigation.html (0.3ms)
Completed 200 OK in 27ms (Views: 25.2ms | ActiveRecord: 0.3ms)


Started GET "/" for 127.0.0.1 at 2017-01-14 14:44:07 +1300
Processing by StaticPagesController#home as HTML
  Rendering static_pages/home.html.erb within layouts/application
  Rendered static_pages/home.html.erb within layouts/application (0.3ms)
  Rendered shared/_navigation.html (0.2ms)
Completed 200 OK in 21ms (Views: 19.1ms | ActiveRecord: 0.0ms)


Started GET "/" for 127.0.0.1 at 2017-01-14 14:44:08 +1300
Processing by StaticPagesController#home as HTML
  Rendering static_pages/home.html.erb within layouts/application
  Rendered static_pages/home.html.erb within layouts/application (0.4ms)
  Rendered shared/_navigation.html (0.4ms)
Completed 200 OK in 24ms (Views: 22.5ms | ActiveRecord: 0.0ms)


Started GET "/" for 127.0.0.1 at 2017-01-14 14:44:09 +1300
Processing by StaticPagesController#home as HTML
  Rendering static_pages/home.html.erb within layouts/application
  Rendered static_pages/home.html.erb within layouts/application (0.6ms)
  Rendered shared/_navigation.html (0.3ms)
Completed 200 OK in 25ms (Views: 23.2ms | ActiveRecord: 0.0ms)


Started GET "/" for 127.0.0.1 at 2017-01-14 14:44:27 +1300
Processing by StaticPagesController#home as HTML
  Rendering static_pages/home.html.erb within layouts/application
  Rendered static_pages/home.html.erb within layouts/application (0.4ms)
  Rendered shared/_navigation.html (0.3ms)
Completed 200 OK in 26ms (Views: 24.2ms | ActiveRecord: 0.0ms)


Started GET "/properties" for 127.0.0.1 at 2017-01-14 14:44:28 +1300
Processing by PropertiesController#index as HTML
  Rendering properties/index.html.erb within layouts/application
  [1m[36mProperty Load (0.3ms)[0m  [1m[34mSELECT `properties`.* FROM `properties`[0m
  Rendered properties/index.html.erb within layouts/application (1.6ms)
  Rendered shared/_navigation.html (0.4ms)
Completed 200 OK in 27ms (Views: 24.9ms | ActiveRecord: 0.3ms)


Started GET "/" for 127.0.0.1 at 2017-01-14 14:44:28 +1300
Processing by StaticPagesController#home as HTML
  Rendering static_pages/home.html.erb within layouts/application
  Rendered static_pages/home.html.erb within layouts/application (0.3ms)
  Rendered shared/_navigation.html (0.3ms)
Completed 200 OK in 23ms (Views: 21.6ms | ActiveRecord: 0.0ms)


Started GET "/" for 127.0.0.1 at 2017-01-14 14:44:30 +1300
Processing by StaticPagesController#home as HTML
  Rendering static_pages/home.html.erb within layouts/application
  Rendered static_pages/home.html.erb within layouts/application (0.4ms)
  Rendered shared/_navigation.html (0.2ms)
Completed 200 OK in 34ms (Views: 32.1ms | ActiveRecord: 0.0ms)


Started GET "/" for 127.0.0.1 at 2017-01-14 14:44:30 +1300
Processing by StaticPagesController#home as HTML
  Rendering static_pages/home.html.erb within layouts/application
  Rendered static_pages/home.html.erb within layouts/application (0.3ms)
  Rendered shared/_navigation.html (0.4ms)
Completed 200 OK in 23ms (Views: 21.8ms | ActiveRecord: 0.0ms)


Started GET "/properties" for 127.0.0.1 at 2017-01-14 14:44:32 +1300
Processing by PropertiesController#index as HTML
  Rendering properties/index.html.erb within layouts/application
  [1m[36mProperty Load (0.3ms)[0m  [1m[34mSELECT `properties`.* FROM `properties`[0m
  Rendered properties/index.html.erb within layouts/application (1.7ms)
  Rendered shared/_navigation.html (0.3ms)
Completed 200 OK in 24ms (Views: 22.4ms | ActiveRecord: 0.3ms)


  [1m[36mActiveRecord::SchemaMigration Load (0.3ms)[0m  [1m[34mSELECT `schema_migrations`.* FROM `schema_migrations`[0m
  [1m[35m (0.2ms)[0m  [1m[34mSELECT `ar_internal_metadata`.`value` FROM `ar_internal_metadata` WHERE `ar_internal_metadata`.`key` = 'environment'[0m
  [1m[36mActiveRecord::SchemaMigration Load (0.1ms)[0m  [1m[34mSELECT `schema_migrations`.* FROM `schema_migrations`[0m
  [1m[35m (0.2ms)[0m  [1m[34mSELECT `ar_internal_metadata`.`value` FROM `ar_internal_metadata` WHERE `ar_internal_metadata`.`key` = 'environment'[0m
  [1m[36mActiveRecord::SchemaMigration Load (0.2ms)[0m  [1m[34mSELECT `schema_migrations`.* FROM `schema_migrations`[0m
  [1m[35m (0.3ms)[0m  [1m[34mSELECT `ar_internal_metadata`.`value` FROM `ar_internal_metadata` WHERE `ar_internal_metadata`.`key` = 'environment'[0m
  [1m[35m (12.2ms)[0m  [1m[35mDROP DATABASE IF EXISTS `open_home_development`[0m
  [1m[35m (0.3ms)[0m  [1m[35mCREATE DATABASE `open_home_development` DEFAULT CHARACTER SET `utf8`[0m
  [1m[35m (0.3ms)[0m  [1m[35mCREATE DATABASE `open_home_development` DEFAULT CHARACTER SET `utf8`[0m
  [1m[35m (22.2ms)[0m  [1m[35mCREATE TABLE `properties` (`id` int AUTO_INCREMENT PRIMARY KEY, `title` varchar(255), `location` varchar(255), `description` varchar(255), `publish` varchar(255), `created_at` datetime NOT NULL, `updated_at` datetime NOT NULL) ENGINE=InnoDB DEFAULT CHARSET=utf8[0m
  [1m[35m (16.4ms)[0m  [1m[35mCREATE TABLE `schema_migrations` (`version` varchar(255) PRIMARY KEY) ENGINE=InnoDB[0m
  [1m[35m (0.5ms)[0m  [1m[34mSELECT version FROM `schema_migrations`[0m
  [1m[35m (0.4ms)[0m  [1m[32mINSERT INTO `schema_migrations` (version) VALUES ('20170114002541')[0m
  [1m[35m (15.8ms)[0m  [1m[35mCREATE TABLE `ar_internal_metadata` (`key` varchar(255) PRIMARY KEY, `value` varchar(255), `created_at` datetime NOT NULL, `updated_at` datetime NOT NULL) ENGINE=InnoDB[0m
  [1m[36mActiveRecord::InternalMetadata Load (0.4ms)[0m  [1m[34mSELECT  `ar_internal_metadata`.* FROM `ar_internal_metadata` WHERE `ar_internal_metadata`.`key` = 'environment' LIMIT 1[0m
  [1m[35m (0.2ms)[0m  [1m[35mBEGIN[0m
  [1m[35mSQL (0.2ms)[0m  [1m[32mINSERT INTO `ar_internal_metadata` (`key`, `value`, `created_at`, `updated_at`) VALUES ('environment', 'development', '2017-01-14 01:54:47', '2017-01-14 01:54:47')[0m
  [1m[35m (0.3ms)[0m  [1m[35mCOMMIT[0m
  [1m[36mActiveRecord::InternalMetadata Load (0.2ms)[0m  [1m[34mSELECT  `ar_internal_metadata`.* FROM `ar_internal_metadata` WHERE `ar_internal_metadata`.`key` = 'environment' LIMIT 1[0m
  [1m[35m (0.1ms)[0m  [1m[35mBEGIN[0m
  [1m[35m (0.2ms)[0m  [1m[35mCOMMIT[0m
  [1m[35m (1.3ms)[0m  [1m[35mDROP TABLE `properties` CASCADE[0m
  [1m[35m (18.3ms)[0m  [1m[35mCREATE TABLE `properties` (`id` int AUTO_INCREMENT PRIMARY KEY, `title` varchar(255), `location` varchar(255), `description` varchar(255), `publish` varchar(255), `created_at` datetime NOT NULL, `updated_at` datetime NOT NULL) ENGINE=InnoDB DEFAULT CHARSET=utf8[0m
  [1m[35m (0.4ms)[0m  [1m[34mSELECT version FROM `schema_migrations`[0m
  [1m[36mActiveRecord::InternalMetadata Load (0.3ms)[0m  [1m[34mSELECT  `ar_internal_metadata`.* FROM `ar_internal_metadata` WHERE `ar_internal_metadata`.`key` = 'environment' LIMIT 1[0m
  [1m[35m (0.1ms)[0m  [1m[35mBEGIN[0m
  [1m[35m (0.1ms)[0m  [1m[35mCOMMIT[0m
  [1m[36mActiveRecord::InternalMetadata Load (0.2ms)[0m  [1m[34mSELECT  `ar_internal_metadata`.* FROM `ar_internal_metadata` WHERE `ar_internal_metadata`.`key` = 'environment' LIMIT 1[0m
  [1m[35m (0.1ms)[0m  [1m[35mBEGIN[0m
  [1m[35m (0.1ms)[0m  [1m[35mCOMMIT[0m
  [1m[36mActiveRecord::SchemaMigration Load (0.2ms)[0m  [1m[34mSELECT `schema_migrations`.* FROM `schema_migrations`[0m
  [1m[35m (0.2ms)[0m  [1m[34mSELECT DATABASE() as db[0m
  [1m[35m (0.1ms)[0m  [1m[34mSELECT GET_LOCK('798595850468909745', 0);[0m
  [1m[36mActiveRecord::SchemaMigration Load (0.3ms)[0m  [1m[34mSELECT `schema_migrations`.* FROM `schema_migrations`[0m
Migrating to AddOpenTimeToProperties (20170114014644)
  [1m[35m (0.2ms)[0m  [1m[34mSELECT RELEASE_LOCK('798595850468909745')[0m
  [1m[35m (0.1ms)[0m  [1m[34mSELECT DATABASE() as db[0m
  [1m[35m (0.1ms)[0m  [1m[34mSELECT GET_LOCK('798595850468909745', 0);[0m
  [1m[36mActiveRecord::SchemaMigration Load (0.2ms)[0m  [1m[34mSELECT `schema_migrations`.* FROM `schema_migrations`[0m
Migrating to AddOpenTimeToProperties (20170114014644)
  [1m[35m (0.1ms)[0m  [1m[34mSELECT RELEASE_LOCK('798595850468909745')[0m
  [1m[35m (0.1ms)[0m  [1m[34mSELECT DATABASE() as db[0m
  [1m[35m (0.1ms)[0m  [1m[34mSELECT GET_LOCK('798595850468909745', 0);[0m
  [1m[36mActiveRecord::SchemaMigration Load (0.2ms)[0m  [1m[34mSELECT `schema_migrations`.* FROM `schema_migrations`[0m
Migrating to AddOpenTimeToProperties (20170114014644)
  [1m[35m (0.1ms)[0m  [1m[34mSELECT RELEASE_LOCK('798595850468909745')[0m
  [1m[36mActiveRecord::SchemaMigration Load (0.2ms)[0m  [1m[34mSELECT `schema_migrations`.* FROM `schema_migrations`[0m
  [1m[35m (0.2ms)[0m  [1m[34mSELECT `ar_internal_metadata`.`value` FROM `ar_internal_metadata` WHERE `ar_internal_metadata`.`key` = 'environment'[0m
  [1m[36mActiveRecord::SchemaMigration Load (0.2ms)[0m  [1m[34mSELECT `schema_migrations`.* FROM `schema_migrations`[0m
  [1m[35m (0.2ms)[0m  [1m[34mSELECT `ar_internal_metadata`.`value` FROM `ar_internal_metadata` WHERE `ar_internal_metadata`.`key` = 'environment'[0m
  [1m[36mActiveRecord::SchemaMigration Load (0.1ms)[0m  [1m[34mSELECT `schema_migrations`.* FROM `schema_migrations`[0m
  [1m[35m (0.1ms)[0m  [1m[34mSELECT `ar_internal_metadata`.`value` FROM `ar_internal_metadata` WHERE `ar_internal_metadata`.`key` = 'environment'[0m
  [1m[35m (5.5ms)[0m  [1m[35mDROP DATABASE IF EXISTS `open_home_development`[0m
  [1m[35m (17.2ms)[0m  [1m[35mCREATE TABLE `schema_migrations` (`version` varchar(255) PRIMARY KEY) ENGINE=InnoDB[0m
  [1m[35m (16.4ms)[0m  [1m[35mCREATE TABLE `ar_internal_metadata` (`key` varchar(255) PRIMARY KEY, `value` varchar(255), `created_at` datetime NOT NULL, `updated_at` datetime NOT NULL) ENGINE=InnoDB[0m
  [1m[35m (0.2ms)[0m  [1m[34mSELECT DATABASE() as db[0m
  [1m[35m (0.2ms)[0m  [1m[34mSELECT GET_LOCK('798595850468909745', 0);[0m
  [1m[36mActiveRecord::SchemaMigration Load (0.3ms)[0m  [1m[34mSELECT `schema_migrations`.* FROM `schema_migrations`[0m
Migrating to CreateProperties (20170114002541)
  [1m[35m (15.2ms)[0m  [1m[35mCREATE TABLE `properties` (`id` int AUTO_INCREMENT PRIMARY KEY, `title` varchar(255), `address` varchar(255), `description` text, `publish` varchar(255), `created_at` datetime NOT NULL, `updated_at` datetime NOT NULL) ENGINE=InnoDB[0m
  [1m[35m (0.2ms)[0m  [1m[35mBEGIN[0m
  [1m[35mSQL (0.2ms)[0m  [1m[32mINSERT INTO `schema_migrations` (`version`) VALUES ('20170114002541')[0m
  [1m[35m (0.3ms)[0m  [1m[35mCOMMIT[0m
Migrating to AddOpenTimeToProperties (20170114014644)
  [1m[35m (0.1ms)[0m  [1m[34mSELECT RELEASE_LOCK('798595850468909745')[0m
  [1m[35m (0.1ms)[0m  [1m[34mSELECT DATABASE() as db[0m
  [1m[35m (0.1ms)[0m  [1m[34mSELECT GET_LOCK('798595850468909745', 0);[0m
  [1m[36mActiveRecord::SchemaMigration Load (0.4ms)[0m  [1m[34mSELECT `schema_migrations`.* FROM `schema_migrations`[0m
Migrating to AddOpenTimeToProperties (20170114014644)
  [1m[35m (0.7ms)[0m  [1m[35mCREATE TABLE `properties` (`id` int AUTO_INCREMENT PRIMARY KEY, `city` varchar(255), `suburb` varchar(255), `available` varchar(255), `furnishings` varchar(255), `parking` varchar(255), `feature` varchar(255), `priority` varchar(255), `ideal_flatmate` varchar(255), `current_flatmate` varchar(255), `bedrooms` int, `bathrooms` int, `floor_area` int, `smokers_allow` tinyint(1), `pets_allow` tinyint(1), `upcoming_open_date` text, `created_at` datetime NOT NULL, `updated_at` datetime NOT NULL) ENGINE=InnoDB[0m
  [1m[35m (0.2ms)[0m  [1m[34mSELECT RELEASE_LOCK('798595850468909745')[0m
  [1m[36mActiveRecord::SchemaMigration Load (0.3ms)[0m  [1m[34mSELECT `schema_migrations`.* FROM `schema_migrations`[0m
  [1m[35m (0.2ms)[0m  [1m[34mSELECT `ar_internal_metadata`.`value` FROM `ar_internal_metadata` WHERE `ar_internal_metadata`.`key` = 'environment'[0m
  [1m[36mActiveRecord::InternalMetadata Load (0.2ms)[0m  [1m[34mSELECT  `ar_internal_metadata`.* FROM `ar_internal_metadata` WHERE `ar_internal_metadata`.`key` = 'environment' LIMIT 1[0m
  [1m[35m (0.1ms)[0m  [1m[35mBEGIN[0m
  [1m[35mSQL (0.2ms)[0m  [1m[32mINSERT INTO `ar_internal_metadata` (`key`, `value`, `created_at`, `updated_at`) VALUES ('environment', 'development', '2017-01-14 02:00:08', '2017-01-14 02:00:08')[0m
  [1m[35m (2.2ms)[0m  [1m[35mCOMMIT[0m
  [1m[36mActiveRecord::SchemaMigration Load (0.3ms)[0m  [1m[34mSELECT `schema_migrations`.* FROM `schema_migrations`[0m
  [1m[35m (0.2ms)[0m  [1m[34mSELECT `ar_internal_metadata`.`value` FROM `ar_internal_metadata` WHERE `ar_internal_metadata`.`key` = 'environment'[0m
  [1m[36mActiveRecord::SchemaMigration Load (0.2ms)[0m  [1m[34mSELECT `schema_migrations`.* FROM `schema_migrations`[0m
  [1m[35m (0.1ms)[0m  [1m[34mSELECT `ar_internal_metadata`.`value` FROM `ar_internal_metadata` WHERE `ar_internal_metadata`.`key` = 'environment'[0m
  [1m[36mActiveRecord::SchemaMigration Load (0.1ms)[0m  [1m[34mSELECT `schema_migrations`.* FROM `schema_migrations`[0m
  [1m[35m (0.2ms)[0m  [1m[34mSELECT `ar_internal_metadata`.`value` FROM `ar_internal_metadata` WHERE `ar_internal_metadata`.`key` = 'environment'[0m
  [1m[35m (5.7ms)[0m  [1m[35mDROP DATABASE IF EXISTS `open_home_development`[0m
  [1m[35m (17.7ms)[0m  [1m[35mCREATE TABLE `schema_migrations` (`version` varchar(255) PRIMARY KEY) ENGINE=InnoDB[0m
  [1m[35m (13.8ms)[0m  [1m[35mCREATE TABLE `ar_internal_metadata` (`key` varchar(255) PRIMARY KEY, `value` varchar(255), `created_at` datetime NOT NULL, `updated_at` datetime NOT NULL) ENGINE=InnoDB[0m
  [1m[35m (0.2ms)[0m  [1m[34mSELECT DATABASE() as db[0m
  [1m[35m (0.2ms)[0m  [1m[34mSELECT GET_LOCK('798595850468909745', 0);[0m
  [1m[36mActiveRecord::SchemaMigration Load (0.3ms)[0m  [1m[34mSELECT `schema_migrations`.* FROM `schema_migrations`[0m
Migrating to CreateProperties (20170114002541)
  [1m[35m (15.4ms)[0m  [1m[35mCREATE TABLE `properties` (`id` int AUTO_INCREMENT PRIMARY KEY, `title` varchar(255), `address` varchar(255), `description` text, `publish` varchar(255), `created_at` datetime NOT NULL, `updated_at` datetime NOT NULL) ENGINE=InnoDB[0m
  [1m[35m (0.2ms)[0m  [1m[35mBEGIN[0m
  [1m[35mSQL (0.2ms)[0m  [1m[32mINSERT INTO `schema_migrations` (`version`) VALUES ('20170114002541')[0m
  [1m[35m (0.3ms)[0m  [1m[35mCOMMIT[0m
Migrating to AddOpenTimeToProperties (20170114014644)
  [1m[35m (0.7ms)[0m  [1m[35mCREATE TABLE `properties` (`id` int AUTO_INCREMENT PRIMARY KEY, `city` varchar(255), `suburb` varchar(255), `available` varchar(255), `furnishings` varchar(255), `parking` varchar(255), `feature` varchar(255), `priority` varchar(255), `ideal_flatmate` varchar(255), `current_flatmate` varchar(255), `bedrooms` int, `bathrooms` int, `floor_area` int, `smokers_allow` tinyint(1), `pets_allow` tinyint(1), `upcoming_open_date` text, `created_at` datetime NOT NULL, `updated_at` datetime NOT NULL) ENGINE=InnoDB[0m
  [1m[35m (0.1ms)[0m  [1m[34mSELECT RELEASE_LOCK('798595850468909745')[0m
  [1m[35m (0.1ms)[0m  [1m[34mSELECT DATABASE() as db[0m
  [1m[35m (0.1ms)[0m  [1m[34mSELECT GET_LOCK('798595850468909745', 0);[0m
  [1m[36mActiveRecord::SchemaMigration Load (0.3ms)[0m  [1m[34mSELECT `schema_migrations`.* FROM `schema_migrations`[0m
Migrating to AddOpenTimeToProperties (20170114014644)
  [1m[35m (0.1ms)[0m  [1m[34mSELECT RELEASE_LOCK('798595850468909745')[0m
  [1m[35m (0.1ms)[0m  [1m[34mSELECT DATABASE() as db[0m
  [1m[35m (0.2ms)[0m  [1m[34mSELECT GET_LOCK('798595850468909745', 0);[0m
  [1m[36mActiveRecord::SchemaMigration Load (0.3ms)[0m  [1m[34mSELECT `schema_migrations`.* FROM `schema_migrations`[0m
Migrating to AddOpenTimeToProperties (20170114014644)
  [1m[35m (26.7ms)[0m  [1m[35mALTER TABLE `properties` ADD `city` varchar(255)[0m
  [1m[35m (19.3ms)[0m  [1m[35mALTER TABLE `properties` ADD `suburb` varchar(255)[0m
  [1m[35m (18.1ms)[0m  [1m[35mALTER TABLE `properties` ADD `available` varchar(255)[0m
  [1m[35m (16.2ms)[0m  [1m[35mALTER TABLE `properties` ADD `furnishings` varchar(255)[0m
  [1m[35m (14.3ms)[0m  [1m[35mALTER TABLE `properties` ADD `application` varchar(255)[0m
  [1m[35m (16.9ms)[0m  [1m[35mALTER TABLE `properties` ADD `parking` varchar(255)[0m
  [1m[35m (17.6ms)[0m  [1m[35mALTER TABLE `properties` ADD `feature` varchar(255)[0m
  [1m[35m (15.6ms)[0m  [1m[35mALTER TABLE `properties` ADD `priority` varchar(255)[0m
  [1m[35m (17.1ms)[0m  [1m[35mALTER TABLE `properties` ADD `ideal_flatmate` varchar(255)[0m
  [1m[35m (22.2ms)[0m  [1m[35mALTER TABLE `properties` ADD `current_flatmate` varchar(255)[0m
  [1m[35m (17.7ms)[0m  [1m[35mALTER TABLE `properties` ADD `bedrooms` int[0m
  [1m[35m (15.2ms)[0m  [1m[35mALTER TABLE `properties` ADD `bathrooms` int[0m
  [1m[35m (16.5ms)[0m  [1m[35mALTER TABLE `properties` ADD `floor_area` int[0m
  [1m[35m (18.1ms)[0m  [1m[35mALTER TABLE `properties` ADD `smokers_allow` tinyint(1)[0m
  [1m[35m (15.6ms)[0m  [1m[35mALTER TABLE `properties` ADD `pets_allow` tinyint(1)[0m
  [1m[35m (17.9ms)[0m  [1m[35mALTER TABLE `properties` ADD `upcoming_open_date` text[0m
  [1m[35m (0.2ms)[0m  [1m[35mBEGIN[0m
  [1m[35mSQL (0.2ms)[0m  [1m[32mINSERT INTO `schema_migrations` (`version`) VALUES ('20170114014644')[0m
  [1m[35m (0.2ms)[0m  [1m[35mCOMMIT[0m
  [1m[36mActiveRecord::InternalMetadata Load (0.2ms)[0m  [1m[34mSELECT  `ar_internal_metadata`.* FROM `ar_internal_metadata` WHERE `ar_internal_metadata`.`key` = 'environment' LIMIT 1[0m
  [1m[35m (0.1ms)[0m  [1m[35mBEGIN[0m
  [1m[35mSQL (0.1ms)[0m  [1m[32mINSERT INTO `ar_internal_metadata` (`key`, `value`, `created_at`, `updated_at`) VALUES ('environment', 'development', '2017-01-14 02:04:46', '2017-01-14 02:04:46')[0m
  [1m[35m (0.3ms)[0m  [1m[35mCOMMIT[0m
  [1m[35m (0.2ms)[0m  [1m[34mSELECT RELEASE_LOCK('798595850468909745')[0m
  [1m[36mActiveRecord::SchemaMigration Load (0.1ms)[0m  [1m[34mSELECT `schema_migrations`.* FROM `schema_migrations`[0m
  [1m[35m (0.1ms)[0m  [1m[35mSHOW CREATE TABLE `properties`[0m
  [1m[35m (0.3ms)[0m  [1m[35mSHOW TABLE STATUS LIKE 'properties'[0m
  [1m[35m (0.2ms)[0m  [1m[34mSELECT fk.referenced_table_name as 'to_table'
      ,fk.referenced_column_name as 'primary_key'
      ,fk.column_name as 'column'
      ,fk.constraint_name as 'name'
FROM information_schema.key_column_usage fk
WHERE fk.referenced_column_name is not null
  AND fk.table_schema = 'open_home_development'
  AND fk.table_name = 'properties'
[0m
Started GET "/properties" for 127.0.0.1 at 2017-01-14 15:05:17 +1300
  [1m[36mActiveRecord::SchemaMigration Load (0.2ms)[0m  [1m[34mSELECT `schema_migrations`.* FROM `schema_migrations`[0m
Processing by PropertiesController#index as HTML
  Rendering properties/index.html.erb within layouts/application
  [1m[36mProperty Load (0.3ms)[0m  [1m[34mSELECT `properties`.* FROM `properties`[0m
  Rendered properties/index.html.erb within layouts/application (2.0ms)
  Rendered shared/_navigation.html (0.3ms)
Completed 200 OK in 25ms (Views: 21.8ms | ActiveRecord: 0.3ms)


Started GET "/properties/new" for 127.0.0.1 at 2017-01-14 15:05:21 +1300
Processing by PropertiesController#new as HTML
  Rendering properties/new.html.erb within layouts/application
  Rendered properties/_form.html.erb (16.1ms)
  Rendered properties/new.html.erb within layouts/application (17.7ms)
  Rendered shared/_navigation.html (0.2ms)
Completed 200 OK in 44ms (Views: 37.3ms | ActiveRecord: 0.7ms)


Started GET "/" for 127.0.0.1 at 2017-01-14 15:05:47 +1300
Processing by StaticPagesController#home as HTML
  Rendering static_pages/home.html.erb within layouts/application
  Rendered static_pages/home.html.erb within layouts/application (0.3ms)
  Rendered shared/_navigation.html (0.5ms)
Completed 200 OK in 22ms (Views: 20.4ms | ActiveRecord: 0.0ms)


Started GET "/" for 127.0.0.1 at 2017-01-14 15:05:47 +1300
Processing by StaticPagesController#home as HTML
  Rendering static_pages/home.html.erb within layouts/application
  Rendered static_pages/home.html.erb within layouts/application (0.4ms)
  Rendered shared/_navigation.html (0.3ms)
Completed 200 OK in 23ms (Views: 21.2ms | ActiveRecord: 0.0ms)


Started GET "/properties" for 127.0.0.1 at 2017-01-14 15:05:48 +1300
Processing by PropertiesController#index as HTML
  Rendering properties/index.html.erb within layouts/application
  [1m[36mProperty Load (0.4ms)[0m  [1m[34mSELECT `properties`.* FROM `properties`[0m
  Rendered properties/index.html.erb within layouts/application (1.6ms)
  Rendered shared/_navigation.html (0.2ms)
Completed 200 OK in 22ms (Views: 20.6ms | ActiveRecord: 0.4ms)


Started GET "/" for 127.0.0.1 at 2017-01-14 15:08:25 +1300
Processing by StaticPagesController#home as HTML
  Rendering static_pages/home.html.erb within layouts/application
  Rendered static_pages/home.html.erb within layouts/application (0.4ms)
  Rendered shared/_navigation.html (0.2ms)
Completed 200 OK in 24ms (Views: 22.9ms | ActiveRecord: 0.0ms)


Started GET "/properties" for 127.0.0.1 at 2017-01-14 15:08:47 +1300
Processing by PropertiesController#index as HTML
  Rendering properties/index.html.erb within layouts/application
  [1m[36mProperty Load (0.3ms)[0m  [1m[34mSELECT `properties`.* FROM `properties`[0m
  Rendered properties/index.html.erb within layouts/application (1.5ms)
  Rendered shared/_navigation.html (0.2ms)
Completed 200 OK in 22ms (Views: 20.7ms | ActiveRecord: 0.3ms)


Started GET "/" for 127.0.0.1 at 2017-01-14 15:09:04 +1300
Processing by StaticPagesController#home as HTML
  Rendering static_pages/home.html.erb within layouts/application
  Rendered static_pages/home.html.erb within layouts/application (0.4ms)
  Rendered shared/_navigation.html (0.3ms)
Completed 200 OK in 32ms (Views: 30.3ms | ActiveRecord: 0.0ms)


Started GET "/properties" for 127.0.0.1 at 2017-01-14 15:09:05 +1300
Processing by PropertiesController#index as HTML
  Rendering properties/index.html.erb within layouts/application
  [1m[36mProperty Load (0.3ms)[0m  [1m[34mSELECT `properties`.* FROM `properties`[0m
  Rendered properties/index.html.erb within layouts/application (1.6ms)
  Rendered shared/_navigation.html (0.2ms)
Completed 200 OK in 22ms (Views: 19.7ms | ActiveRecord: 0.3ms)


Started GET "/properties" for 127.0.0.1 at 2017-01-14 15:09:06 +1300
Processing by PropertiesController#index as HTML
  Rendering properties/index.html.erb within layouts/application
  [1m[36mProperty Load (0.3ms)[0m  [1m[34mSELECT `properties`.* FROM `properties`[0m
  Rendered properties/index.html.erb within layouts/application (1.6ms)
  Rendered shared/_navigation.html (0.3ms)
Completed 200 OK in 22ms (Views: 20.6ms | ActiveRecord: 0.3ms)


Started GET "/properties" for 127.0.0.1 at 2017-01-14 15:09:07 +1300
Processing by PropertiesController#index as HTML
  Rendering properties/index.html.erb within layouts/application
  [1m[36mProperty Load (0.3ms)[0m  [1m[34mSELECT `properties`.* FROM `properties`[0m
  Rendered properties/index.html.erb within layouts/application (1.6ms)
  Rendered shared/_navigation.html (0.3ms)
Completed 200 OK in 23ms (Views: 21.7ms | ActiveRecord: 0.3ms)


Started GET "/properties" for 127.0.0.1 at 2017-01-14 15:09:07 +1300
Processing by PropertiesController#index as HTML
  Rendering properties/index.html.erb within layouts/application
  [1m[36mProperty Load (0.3ms)[0m  [1m[34mSELECT `properties`.* FROM `properties`[0m
  Rendered properties/index.html.erb within layouts/application (1.4ms)
  Rendered shared/_navigation.html (0.3ms)
Completed 200 OK in 23ms (Views: 21.4ms | ActiveRecord: 0.3ms)


Started GET "/properties" for 127.0.0.1 at 2017-01-14 15:09:08 +1300
Processing by PropertiesController#index as HTML
  Rendering properties/index.html.erb within layouts/application
  [1m[36mProperty Load (0.3ms)[0m  [1m[34mSELECT `properties`.* FROM `properties`[0m
  Rendered properties/index.html.erb within layouts/application (1.6ms)
  Rendered shared/_navigation.html (0.4ms)
Completed 200 OK in 26ms (Views: 23.8ms | ActiveRecord: 0.3ms)


Started GET "/properties" for 127.0.0.1 at 2017-01-14 15:09:08 +1300
Processing by PropertiesController#index as HTML
  Rendering properties/index.html.erb within layouts/application
  [1m[36mProperty Load (0.3ms)[0m  [1m[34mSELECT `properties`.* FROM `properties`[0m
  Rendered properties/index.html.erb within layouts/application (1.5ms)
  Rendered shared/_navigation.html (0.5ms)
Completed 200 OK in 25ms (Views: 22.6ms | ActiveRecord: 0.3ms)


Started GET "/" for 127.0.0.1 at 2017-01-14 15:12:35 +1300
Processing by StaticPagesController#home as HTML
  Rendering static_pages/home.html.erb within layouts/application
  Rendered static_pages/home.html.erb within layouts/application (0.4ms)
  Rendered shared/_navigation.html (0.3ms)
Completed 200 OK in 21ms (Views: 19.3ms | ActiveRecord: 0.0ms)


Started GET "/" for 127.0.0.1 at 2017-01-14 15:12:36 +1300
Processing by StaticPagesController#home as HTML
  Rendering static_pages/home.html.erb within layouts/application
  Rendered static_pages/home.html.erb within layouts/application (0.3ms)
  Rendered shared/_navigation.html (0.3ms)
Completed 200 OK in 24ms (Views: 22.4ms | ActiveRecord: 0.0ms)


Started GET "/properties" for 127.0.0.1 at 2017-01-14 15:12:36 +1300
Processing by PropertiesController#index as HTML
  Rendering properties/index.html.erb within layouts/application
  [1m[36mProperty Load (0.3ms)[0m  [1m[34mSELECT `properties`.* FROM `properties`[0m
  Rendered properties/index.html.erb within layouts/application (1.5ms)
  Rendered shared/_navigation.html (0.6ms)
Completed 200 OK in 27ms (Views: 25.5ms | ActiveRecord: 0.3ms)


Started GET "/properties" for 127.0.0.1 at 2017-01-14 15:12:37 +1300
Processing by PropertiesController#index as HTML
  Rendering properties/index.html.erb within layouts/application
  [1m[36mProperty Load (0.3ms)[0m  [1m[34mSELECT `properties`.* FROM `properties`[0m
  Rendered properties/index.html.erb within layouts/application (1.5ms)
  Rendered shared/_navigation.html (0.2ms)
Completed 200 OK in 23ms (Views: 21.0ms | ActiveRecord: 0.3ms)


